The system is: Darwin - 15.4.0 - x86_64
Compiling the C compiler identification source file "CMakeCCompilerId.c" succeeded.
Compiler: /Library/Developer/CommandLineTools/usr/bin/cc 
Build flags: 
Id flags: 

The output was:
0


Compilation of the C compiler identification source "CMakeCCompilerId.c" produced "a.out"

The C compiler identification is AppleClang, found in "/Users/jietang/Projects/doom-py/doom_py/CMakeFiles/3.5.2/CompilerIdC/a.out"

Compiling the CXX compiler identification source file "CMakeCXXCompilerId.cpp" succeeded.
Compiler: /Library/Developer/CommandLineTools/usr/bin/c++ 
Build flags: 
Id flags: 

The output was:
0


Compilation of the CXX compiler identification source "CMakeCXXCompilerId.cpp" produced "a.out"

The CXX compiler identification is AppleClang, found in "/Users/jietang/Projects/doom-py/doom_py/CMakeFiles/3.5.2/CompilerIdCXX/a.out"

Determining if the C compiler works passed with the following output:
Change Dir: /Users/jietang/Projects/doom-py/doom_py/CMakeFiles/CMakeTmp

Run Build Command:"/usr/bin/make" "cmTC_9a12c/fast"
/Library/Developer/CommandLineTools/usr/bin/make -f CMakeFiles/cmTC_9a12c.dir/build.make CMakeFiles/cmTC_9a12c.dir/build
Building C object CMakeFiles/cmTC_9a12c.dir/testCCompiler.c.o
/Library/Developer/CommandLineTools/usr/bin/cc     -o CMakeFiles/cmTC_9a12c.dir/testCCompiler.c.o   -c /Users/jietang/Projects/doom-py/doom_py/CMakeFiles/CMakeTmp/testCCompiler.c
Linking C executable cmTC_9a12c
/usr/local/Cellar/cmake/3.5.2/bin/cmake -E cmake_link_script CMakeFiles/cmTC_9a12c.dir/link.txt --verbose=1
/Library/Developer/CommandLineTools/usr/bin/cc    -Wl,-search_paths_first -Wl,-headerpad_max_install_names   CMakeFiles/cmTC_9a12c.dir/testCCompiler.c.o  -o cmTC_9a12c  


Detecting C compiler ABI info compiled with the following output:
Change Dir: /Users/jietang/Projects/doom-py/doom_py/CMakeFiles/CMakeTmp

Run Build Command:"/usr/bin/make" "cmTC_5a97b/fast"
/Library/Developer/CommandLineTools/usr/bin/make -f CMakeFiles/cmTC_5a97b.dir/build.make CMakeFiles/cmTC_5a97b.dir/build
Building C object CMakeFiles/cmTC_5a97b.dir/CMakeCCompilerABI.c.o
/Library/Developer/CommandLineTools/usr/bin/cc     -o CMakeFiles/cmTC_5a97b.dir/CMakeCCompilerABI.c.o   -c /usr/local/Cellar/cmake/3.5.2/share/cmake/Modules/CMakeCCompilerABI.c
Linking C executable cmTC_5a97b
/usr/local/Cellar/cmake/3.5.2/bin/cmake -E cmake_link_script CMakeFiles/cmTC_5a97b.dir/link.txt --verbose=1
/Library/Developer/CommandLineTools/usr/bin/cc    -Wl,-search_paths_first -Wl,-headerpad_max_install_names  -v -Wl,-v CMakeFiles/cmTC_5a97b.dir/CMakeCCompilerABI.c.o  -o cmTC_5a97b   
Apple LLVM version 7.3.0 (clang-703.0.31)
Target: x86_64-apple-darwin15.4.0
Thread model: posix
InstalledDir: /Library/Developer/CommandLineTools/usr/bin
 "/Library/Developer/CommandLineTools/usr/bin/ld" -demangle -dynamic -arch x86_64 -macosx_version_min 10.11.0 -o cmTC_5a97b -search_paths_first -headerpad_max_install_names -v CMakeFiles/cmTC_5a97b.dir/CMakeCCompilerABI.c.o -lSystem /Library/Developer/CommandLineTools/usr/bin/../lib/clang/7.3.0/lib/darwin/libclang_rt.osx.a
@(#)PROGRAM:ld  PROJECT:ld64-264.3.102
configured to support archs: armv6 armv7 armv7s arm64 i386 x86_64 x86_64h armv6m armv7k armv7m armv7em (tvOS)
Library search paths:
	/usr/lib
	/usr/local/lib
Framework search paths:
	/Library/Frameworks/
	/System/Library/Frameworks/


Parsed C implicit link information from above output:
  link line regex: [^( *|.*[/\])(ld|([^/\]+-)?ld|collect2)[^/\]*( |$)]
  ignore line: [Change Dir: /Users/jietang/Projects/doom-py/doom_py/CMakeFiles/CMakeTmp]
  ignore line: []
  ignore line: [Run Build Command:"/usr/bin/make" "cmTC_5a97b/fast"]
  ignore line: [/Library/Developer/CommandLineTools/usr/bin/make -f CMakeFiles/cmTC_5a97b.dir/build.make CMakeFiles/cmTC_5a97b.dir/build]
  ignore line: [Building C object CMakeFiles/cmTC_5a97b.dir/CMakeCCompilerABI.c.o]
  ignore line: [/Library/Developer/CommandLineTools/usr/bin/cc     -o CMakeFiles/cmTC_5a97b.dir/CMakeCCompilerABI.c.o   -c /usr/local/Cellar/cmake/3.5.2/share/cmake/Modules/CMakeCCompilerABI.c]
  ignore line: [Linking C executable cmTC_5a97b]
  ignore line: [/usr/local/Cellar/cmake/3.5.2/bin/cmake -E cmake_link_script CMakeFiles/cmTC_5a97b.dir/link.txt --verbose=1]
  ignore line: [/Library/Developer/CommandLineTools/usr/bin/cc    -Wl,-search_paths_first -Wl,-headerpad_max_install_names  -v -Wl,-v CMakeFiles/cmTC_5a97b.dir/CMakeCCompilerABI.c.o  -o cmTC_5a97b   ]
  ignore line: [Apple LLVM version 7.3.0 (clang-703.0.31)]
  ignore line: [Target: x86_64-apple-darwin15.4.0]
  ignore line: [Thread model: posix]
  ignore line: [InstalledDir: /Library/Developer/CommandLineTools/usr/bin]
  link line: [ "/Library/Developer/CommandLineTools/usr/bin/ld" -demangle -dynamic -arch x86_64 -macosx_version_min 10.11.0 -o cmTC_5a97b -search_paths_first -headerpad_max_install_names -v CMakeFiles/cmTC_5a97b.dir/CMakeCCompilerABI.c.o -lSystem /Library/Developer/CommandLineTools/usr/bin/../lib/clang/7.3.0/lib/darwin/libclang_rt.osx.a]
    arg [/Library/Developer/CommandLineTools/usr/bin/ld] ==> ignore
    arg [-demangle] ==> ignore
    arg [-dynamic] ==> ignore
    arg [-arch] ==> ignore
    arg [x86_64] ==> ignore
    arg [-macosx_version_min] ==> ignore
    arg [10.11.0] ==> ignore
    arg [-o] ==> ignore
    arg [cmTC_5a97b] ==> ignore
    arg [-search_paths_first] ==> ignore
    arg [-headerpad_max_install_names] ==> ignore
    arg [-v] ==> ignore
    arg [CMakeFiles/cmTC_5a97b.dir/CMakeCCompilerABI.c.o] ==> ignore
    arg [-lSystem] ==> lib [System]
    arg [/Library/Developer/CommandLineTools/usr/bin/../lib/clang/7.3.0/lib/darwin/libclang_rt.osx.a] ==> lib [/Library/Developer/CommandLineTools/usr/bin/../lib/clang/7.3.0/lib/darwin/libclang_rt.osx.a]
  Library search paths: [;/usr/lib;/usr/local/lib]
  Framework search paths: [;/Library/Frameworks/;/System/Library/Frameworks/]
  remove lib [System]
  collapse lib [/Library/Developer/CommandLineTools/usr/bin/../lib/clang/7.3.0/lib/darwin/libclang_rt.osx.a] ==> [/Library/Developer/CommandLineTools/usr/lib/clang/7.3.0/lib/darwin/libclang_rt.osx.a]
  collapse library dir [/usr/lib] ==> [/usr/lib]
  collapse library dir [/usr/local/lib] ==> [/usr/local/lib]
  collapse framework dir [/Library/Frameworks/] ==> [/Library/Frameworks]
  collapse framework dir [/System/Library/Frameworks/] ==> [/System/Library/Frameworks]
  implicit libs: [/Library/Developer/CommandLineTools/usr/lib/clang/7.3.0/lib/darwin/libclang_rt.osx.a]
  implicit dirs: [/usr/lib;/usr/local/lib]
  implicit fwks: [/Library/Frameworks;/System/Library/Frameworks]




Detecting C [-std=c11] compiler features compiled with the following output:
Change Dir: /Users/jietang/Projects/doom-py/doom_py/CMakeFiles/CMakeTmp

Run Build Command:"/usr/bin/make" "cmTC_45c30/fast"
/Library/Developer/CommandLineTools/usr/bin/make -f CMakeFiles/cmTC_45c30.dir/build.make CMakeFiles/cmTC_45c30.dir/build
Building C object CMakeFiles/cmTC_45c30.dir/feature_tests.c.o
/Library/Developer/CommandLineTools/usr/bin/cc    -std=c11 -o CMakeFiles/cmTC_45c30.dir/feature_tests.c.o   -c /Users/jietang/Projects/doom-py/doom_py/CMakeFiles/feature_tests.c
Linking C executable cmTC_45c30
/usr/local/Cellar/cmake/3.5.2/bin/cmake -E cmake_link_script CMakeFiles/cmTC_45c30.dir/link.txt --verbose=1
/Library/Developer/CommandLineTools/usr/bin/cc    -Wl,-search_paths_first -Wl,-headerpad_max_install_names   CMakeFiles/cmTC_45c30.dir/feature_tests.c.o  -o cmTC_45c30  


    Feature record: C_FEATURE:1c_function_prototypes
    Feature record: C_FEATURE:1c_restrict
    Feature record: C_FEATURE:1c_static_assert
    Feature record: C_FEATURE:1c_variadic_macros


Detecting C [-std=c99] compiler features compiled with the following output:
Change Dir: /Users/jietang/Projects/doom-py/doom_py/CMakeFiles/CMakeTmp

Run Build Command:"/usr/bin/make" "cmTC_6eb03/fast"
/Library/Developer/CommandLineTools/usr/bin/make -f CMakeFiles/cmTC_6eb03.dir/build.make CMakeFiles/cmTC_6eb03.dir/build
Building C object CMakeFiles/cmTC_6eb03.dir/feature_tests.c.o
/Library/Developer/CommandLineTools/usr/bin/cc    -std=c99 -o CMakeFiles/cmTC_6eb03.dir/feature_tests.c.o   -c /Users/jietang/Projects/doom-py/doom_py/CMakeFiles/feature_tests.c
Linking C executable cmTC_6eb03
/usr/local/Cellar/cmake/3.5.2/bin/cmake -E cmake_link_script CMakeFiles/cmTC_6eb03.dir/link.txt --verbose=1
/Library/Developer/CommandLineTools/usr/bin/cc    -Wl,-search_paths_first -Wl,-headerpad_max_install_names   CMakeFiles/cmTC_6eb03.dir/feature_tests.c.o  -o cmTC_6eb03  


    Feature record: C_FEATURE:1c_function_prototypes
    Feature record: C_FEATURE:1c_restrict
    Feature record: C_FEATURE:0c_static_assert
    Feature record: C_FEATURE:1c_variadic_macros


Detecting C [-std=c90] compiler features compiled with the following output:
Change Dir: /Users/jietang/Projects/doom-py/doom_py/CMakeFiles/CMakeTmp

Run Build Command:"/usr/bin/make" "cmTC_ffd5b/fast"
/Library/Developer/CommandLineTools/usr/bin/make -f CMakeFiles/cmTC_ffd5b.dir/build.make CMakeFiles/cmTC_ffd5b.dir/build
Building C object CMakeFiles/cmTC_ffd5b.dir/feature_tests.c.o
/Library/Developer/CommandLineTools/usr/bin/cc    -std=c90 -o CMakeFiles/cmTC_ffd5b.dir/feature_tests.c.o   -c /Users/jietang/Projects/doom-py/doom_py/CMakeFiles/feature_tests.c
Linking C executable cmTC_ffd5b
/usr/local/Cellar/cmake/3.5.2/bin/cmake -E cmake_link_script CMakeFiles/cmTC_ffd5b.dir/link.txt --verbose=1
/Library/Developer/CommandLineTools/usr/bin/cc    -Wl,-search_paths_first -Wl,-headerpad_max_install_names   CMakeFiles/cmTC_ffd5b.dir/feature_tests.c.o  -o cmTC_ffd5b  


    Feature record: C_FEATURE:1c_function_prototypes
    Feature record: C_FEATURE:0c_restrict
    Feature record: C_FEATURE:0c_static_assert
    Feature record: C_FEATURE:0c_variadic_macros
Determining if the CXX compiler works passed with the following output:
Change Dir: /Users/jietang/Projects/doom-py/doom_py/CMakeFiles/CMakeTmp

Run Build Command:"/usr/bin/make" "cmTC_ca322/fast"
/Library/Developer/CommandLineTools/usr/bin/make -f CMakeFiles/cmTC_ca322.dir/build.make CMakeFiles/cmTC_ca322.dir/build
Building CXX object CMakeFiles/cmTC_ca322.dir/testCXXCompiler.cxx.o
/Library/Developer/CommandLineTools/usr/bin/c++      -o CMakeFiles/cmTC_ca322.dir/testCXXCompiler.cxx.o -c /Users/jietang/Projects/doom-py/doom_py/CMakeFiles/CMakeTmp/testCXXCompiler.cxx
Linking CXX executable cmTC_ca322
/usr/local/Cellar/cmake/3.5.2/bin/cmake -E cmake_link_script CMakeFiles/cmTC_ca322.dir/link.txt --verbose=1
/Library/Developer/CommandLineTools/usr/bin/c++     -Wl,-search_paths_first -Wl,-headerpad_max_install_names   CMakeFiles/cmTC_ca322.dir/testCXXCompiler.cxx.o  -o cmTC_ca322  


Detecting CXX compiler ABI info compiled with the following output:
Change Dir: /Users/jietang/Projects/doom-py/doom_py/CMakeFiles/CMakeTmp

Run Build Command:"/usr/bin/make" "cmTC_60474/fast"
/Library/Developer/CommandLineTools/usr/bin/make -f CMakeFiles/cmTC_60474.dir/build.make CMakeFiles/cmTC_60474.dir/build
Building CXX object CMakeFiles/cmTC_60474.dir/CMakeCXXCompilerABI.cpp.o
/Library/Developer/CommandLineTools/usr/bin/c++      -o CMakeFiles/cmTC_60474.dir/CMakeCXXCompilerABI.cpp.o -c /usr/local/Cellar/cmake/3.5.2/share/cmake/Modules/CMakeCXXCompilerABI.cpp
Linking CXX executable cmTC_60474
/usr/local/Cellar/cmake/3.5.2/bin/cmake -E cmake_link_script CMakeFiles/cmTC_60474.dir/link.txt --verbose=1
/Library/Developer/CommandLineTools/usr/bin/c++     -Wl,-search_paths_first -Wl,-headerpad_max_install_names  -v -Wl,-v CMakeFiles/cmTC_60474.dir/CMakeCXXCompilerABI.cpp.o  -o cmTC_60474   
Apple LLVM version 7.3.0 (clang-703.0.31)
Target: x86_64-apple-darwin15.4.0
Thread model: posix
InstalledDir: /Library/Developer/CommandLineTools/usr/bin
 "/Library/Developer/CommandLineTools/usr/bin/ld" -demangle -dynamic -arch x86_64 -macosx_version_min 10.11.0 -o cmTC_60474 -search_paths_first -headerpad_max_install_names -v CMakeFiles/cmTC_60474.dir/CMakeCXXCompilerABI.cpp.o -lc++ -lSystem /Library/Developer/CommandLineTools/usr/bin/../lib/clang/7.3.0/lib/darwin/libclang_rt.osx.a
@(#)PROGRAM:ld  PROJECT:ld64-264.3.102
configured to support archs: armv6 armv7 armv7s arm64 i386 x86_64 x86_64h armv6m armv7k armv7m armv7em (tvOS)
Library search paths:
	/usr/lib
	/usr/local/lib
Framework search paths:
	/Library/Frameworks/
	/System/Library/Frameworks/


Parsed CXX implicit link information from above output:
  link line regex: [^( *|.*[/\])(ld|([^/\]+-)?ld|collect2)[^/\]*( |$)]
  ignore line: [Change Dir: /Users/jietang/Projects/doom-py/doom_py/CMakeFiles/CMakeTmp]
  ignore line: []
  ignore line: [Run Build Command:"/usr/bin/make" "cmTC_60474/fast"]
  ignore line: [/Library/Developer/CommandLineTools/usr/bin/make -f CMakeFiles/cmTC_60474.dir/build.make CMakeFiles/cmTC_60474.dir/build]
  ignore line: [Building CXX object CMakeFiles/cmTC_60474.dir/CMakeCXXCompilerABI.cpp.o]
  ignore line: [/Library/Developer/CommandLineTools/usr/bin/c++      -o CMakeFiles/cmTC_60474.dir/CMakeCXXCompilerABI.cpp.o -c /usr/local/Cellar/cmake/3.5.2/share/cmake/Modules/CMakeCXXCompilerABI.cpp]
  ignore line: [Linking CXX executable cmTC_60474]
  ignore line: [/usr/local/Cellar/cmake/3.5.2/bin/cmake -E cmake_link_script CMakeFiles/cmTC_60474.dir/link.txt --verbose=1]
  ignore line: [/Library/Developer/CommandLineTools/usr/bin/c++     -Wl,-search_paths_first -Wl,-headerpad_max_install_names  -v -Wl,-v CMakeFiles/cmTC_60474.dir/CMakeCXXCompilerABI.cpp.o  -o cmTC_60474   ]
  ignore line: [Apple LLVM version 7.3.0 (clang-703.0.31)]
  ignore line: [Target: x86_64-apple-darwin15.4.0]
  ignore line: [Thread model: posix]
  ignore line: [InstalledDir: /Library/Developer/CommandLineTools/usr/bin]
  link line: [ "/Library/Developer/CommandLineTools/usr/bin/ld" -demangle -dynamic -arch x86_64 -macosx_version_min 10.11.0 -o cmTC_60474 -search_paths_first -headerpad_max_install_names -v CMakeFiles/cmTC_60474.dir/CMakeCXXCompilerABI.cpp.o -lc++ -lSystem /Library/Developer/CommandLineTools/usr/bin/../lib/clang/7.3.0/lib/darwin/libclang_rt.osx.a]
    arg [/Library/Developer/CommandLineTools/usr/bin/ld] ==> ignore
    arg [-demangle] ==> ignore
    arg [-dynamic] ==> ignore
    arg [-arch] ==> ignore
    arg [x86_64] ==> ignore
    arg [-macosx_version_min] ==> ignore
    arg [10.11.0] ==> ignore
    arg [-o] ==> ignore
    arg [cmTC_60474] ==> ignore
    arg [-search_paths_first] ==> ignore
    arg [-headerpad_max_install_names] ==> ignore
    arg [-v] ==> ignore
    arg [CMakeFiles/cmTC_60474.dir/CMakeCXXCompilerABI.cpp.o] ==> ignore
    arg [-lc++] ==> lib [c++]
    arg [-lSystem] ==> lib [System]
    arg [/Library/Developer/CommandLineTools/usr/bin/../lib/clang/7.3.0/lib/darwin/libclang_rt.osx.a] ==> lib [/Library/Developer/CommandLineTools/usr/bin/../lib/clang/7.3.0/lib/darwin/libclang_rt.osx.a]
  Library search paths: [;/usr/lib;/usr/local/lib]
  Framework search paths: [;/Library/Frameworks/;/System/Library/Frameworks/]
  remove lib [System]
  collapse lib [/Library/Developer/CommandLineTools/usr/bin/../lib/clang/7.3.0/lib/darwin/libclang_rt.osx.a] ==> [/Library/Developer/CommandLineTools/usr/lib/clang/7.3.0/lib/darwin/libclang_rt.osx.a]
  collapse library dir [/usr/lib] ==> [/usr/lib]
  collapse library dir [/usr/local/lib] ==> [/usr/local/lib]
  collapse framework dir [/Library/Frameworks/] ==> [/Library/Frameworks]
  collapse framework dir [/System/Library/Frameworks/] ==> [/System/Library/Frameworks]
  implicit libs: [c++;/Library/Developer/CommandLineTools/usr/lib/clang/7.3.0/lib/darwin/libclang_rt.osx.a]
  implicit dirs: [/usr/lib;/usr/local/lib]
  implicit fwks: [/Library/Frameworks;/System/Library/Frameworks]




Detecting CXX [-std=c++14] compiler features compiled with the following output:
Change Dir: /Users/jietang/Projects/doom-py/doom_py/CMakeFiles/CMakeTmp

Run Build Command:"/usr/bin/make" "cmTC_db0d7/fast"
/Library/Developer/CommandLineTools/usr/bin/make -f CMakeFiles/cmTC_db0d7.dir/build.make CMakeFiles/cmTC_db0d7.dir/build
Building CXX object CMakeFiles/cmTC_db0d7.dir/feature_tests.cxx.o
/Library/Developer/CommandLineTools/usr/bin/c++     -std=c++14 -o CMakeFiles/cmTC_db0d7.dir/feature_tests.cxx.o -c /Users/jietang/Projects/doom-py/doom_py/CMakeFiles/feature_tests.cxx
Linking CXX executable cmTC_db0d7
/usr/local/Cellar/cmake/3.5.2/bin/cmake -E cmake_link_script CMakeFiles/cmTC_db0d7.dir/link.txt --verbose=1
/Library/Developer/CommandLineTools/usr/bin/c++     -Wl,-search_paths_first -Wl,-headerpad_max_install_names   CMakeFiles/cmTC_db0d7.dir/feature_tests.cxx.o  -o cmTC_db0d7  


    Feature record: CXX_FEATURE:1cxx_aggregate_default_initializers
    Feature record: CXX_FEATURE:1cxx_alias_templates
    Feature record: CXX_FEATURE:1cxx_alignas
    Feature record: CXX_FEATURE:1cxx_alignof
    Feature record: CXX_FEATURE:1cxx_attributes
    Feature record: CXX_FEATURE:1cxx_attribute_deprecated
    Feature record: CXX_FEATURE:1cxx_auto_type
    Feature record: CXX_FEATURE:1cxx_binary_literals
    Feature record: CXX_FEATURE:1cxx_constexpr
    Feature record: CXX_FEATURE:1cxx_contextual_conversions
    Feature record: CXX_FEATURE:1cxx_decltype
    Feature record: CXX_FEATURE:1cxx_decltype_auto
    Feature record: CXX_FEATURE:1cxx_decltype_incomplete_return_types
    Feature record: CXX_FEATURE:1cxx_default_function_template_args
    Feature record: CXX_FEATURE:1cxx_defaulted_functions
    Feature record: CXX_FEATURE:1cxx_defaulted_move_initializers
    Feature record: CXX_FEATURE:1cxx_delegating_constructors
    Feature record: CXX_FEATURE:1cxx_deleted_functions
    Feature record: CXX_FEATURE:1cxx_digit_separators
    Feature record: CXX_FEATURE:1cxx_enum_forward_declarations
    Feature record: CXX_FEATURE:1cxx_explicit_conversions
    Feature record: CXX_FEATURE:1cxx_extended_friend_declarations
    Feature record: CXX_FEATURE:1cxx_extern_templates
    Feature record: CXX_FEATURE:1cxx_final
    Feature record: CXX_FEATURE:1cxx_func_identifier
    Feature record: CXX_FEATURE:1cxx_generalized_initializers
    Feature record: CXX_FEATURE:1cxx_generic_lambdas
    Feature record: CXX_FEATURE:1cxx_inheriting_constructors
    Feature record: CXX_FEATURE:1cxx_inline_namespaces
    Feature record: CXX_FEATURE:1cxx_lambdas
    Feature record: CXX_FEATURE:1cxx_lambda_init_captures
    Feature record: CXX_FEATURE:1cxx_local_type_template_args
    Feature record: CXX_FEATURE:1cxx_long_long_type
    Feature record: CXX_FEATURE:1cxx_noexcept
    Feature record: CXX_FEATURE:1cxx_nonstatic_member_init
    Feature record: CXX_FEATURE:1cxx_nullptr
    Feature record: CXX_FEATURE:1cxx_override
    Feature record: CXX_FEATURE:1cxx_range_for
    Feature record: CXX_FEATURE:1cxx_raw_string_literals
    Feature record: CXX_FEATURE:1cxx_reference_qualified_functions
    Feature record: CXX_FEATURE:1cxx_relaxed_constexpr
    Feature record: CXX_FEATURE:1cxx_return_type_deduction
    Feature record: CXX_FEATURE:1cxx_right_angle_brackets
    Feature record: CXX_FEATURE:1cxx_rvalue_references
    Feature record: CXX_FEATURE:1cxx_sizeof_member
    Feature record: CXX_FEATURE:1cxx_static_assert
    Feature record: CXX_FEATURE:1cxx_strong_enums
    Feature record: CXX_FEATURE:1cxx_template_template_parameters
    Feature record: CXX_FEATURE:0cxx_thread_local
    Feature record: CXX_FEATURE:1cxx_trailing_return_types
    Feature record: CXX_FEATURE:1cxx_unicode_literals
    Feature record: CXX_FEATURE:1cxx_uniform_initialization
    Feature record: CXX_FEATURE:1cxx_unrestricted_unions
    Feature record: CXX_FEATURE:1cxx_user_literals
    Feature record: CXX_FEATURE:1cxx_variable_templates
    Feature record: CXX_FEATURE:1cxx_variadic_macros
    Feature record: CXX_FEATURE:1cxx_variadic_templates


Detecting CXX [-std=c++11] compiler features compiled with the following output:
Change Dir: /Users/jietang/Projects/doom-py/doom_py/CMakeFiles/CMakeTmp

Run Build Command:"/usr/bin/make" "cmTC_cd499/fast"
/Library/Developer/CommandLineTools/usr/bin/make -f CMakeFiles/cmTC_cd499.dir/build.make CMakeFiles/cmTC_cd499.dir/build
Building CXX object CMakeFiles/cmTC_cd499.dir/feature_tests.cxx.o
/Library/Developer/CommandLineTools/usr/bin/c++     -std=c++11 -o CMakeFiles/cmTC_cd499.dir/feature_tests.cxx.o -c /Users/jietang/Projects/doom-py/doom_py/CMakeFiles/feature_tests.cxx
Linking CXX executable cmTC_cd499
/usr/local/Cellar/cmake/3.5.2/bin/cmake -E cmake_link_script CMakeFiles/cmTC_cd499.dir/link.txt --verbose=1
/Library/Developer/CommandLineTools/usr/bin/c++     -Wl,-search_paths_first -Wl,-headerpad_max_install_names   CMakeFiles/cmTC_cd499.dir/feature_tests.cxx.o  -o cmTC_cd499  


    Feature record: CXX_FEATURE:0cxx_aggregate_default_initializers
    Feature record: CXX_FEATURE:1cxx_alias_templates
    Feature record: CXX_FEATURE:1cxx_alignas
    Feature record: CXX_FEATURE:1cxx_alignof
    Feature record: CXX_FEATURE:1cxx_attributes
    Feature record: CXX_FEATURE:0cxx_attribute_deprecated
    Feature record: CXX_FEATURE:1cxx_auto_type
    Feature record: CXX_FEATURE:0cxx_binary_literals
    Feature record: CXX_FEATURE:1cxx_constexpr
    Feature record: CXX_FEATURE:0cxx_contextual_conversions
    Feature record: CXX_FEATURE:1cxx_decltype
    Feature record: CXX_FEATURE:0cxx_decltype_auto
    Feature record: CXX_FEATURE:1cxx_decltype_incomplete_return_types
    Feature record: CXX_FEATURE:1cxx_default_function_template_args
    Feature record: CXX_FEATURE:1cxx_defaulted_functions
    Feature record: CXX_FEATURE:1cxx_defaulted_move_initializers
    Feature record: CXX_FEATURE:1cxx_delegating_constructors
    Feature record: CXX_FEATURE:1cxx_deleted_functions
    Feature record: CXX_FEATURE:0cxx_digit_separators
    Feature record: CXX_FEATURE:1cxx_enum_forward_declarations
    Feature record: CXX_FEATURE:1cxx_explicit_conversions
    Feature record: CXX_FEATURE:1cxx_extended_friend_declarations
    Feature record: CXX_FEATURE:1cxx_extern_templates
    Feature record: CXX_FEATURE:1cxx_final
    Feature record: CXX_FEATURE:1cxx_func_identifier
    Feature record: CXX_FEATURE:1cxx_generalized_initializers
    Feature record: CXX_FEATURE:0cxx_generic_lambdas
    Feature record: CXX_FEATURE:1cxx_inheriting_constructors
    Feature record: CXX_FEATURE:1cxx_inline_namespaces
    Feature record: CXX_FEATURE:1cxx_lambdas
    Feature record: CXX_FEATURE:0cxx_lambda_init_captures
    Feature record: CXX_FEATURE:1cxx_local_type_template_args
    Feature record: CXX_FEATURE:1cxx_long_long_type
    Feature record: CXX_FEATURE:1cxx_noexcept
    Feature record: CXX_FEATURE:1cxx_nonstatic_member_init
    Feature record: CXX_FEATURE:1cxx_nullptr
    Feature record: CXX_FEATURE:1cxx_override
    Feature record: CXX_FEATURE:1cxx_range_for
    Feature record: CXX_FEATURE:1cxx_raw_string_literals
    Feature record: CXX_FEATURE:1cxx_reference_qualified_functions
    Feature record: CXX_FEATURE:0cxx_relaxed_constexpr
    Feature record: CXX_FEATURE:0cxx_return_type_deduction
    Feature record: CXX_FEATURE:1cxx_right_angle_brackets
    Feature record: CXX_FEATURE:1cxx_rvalue_references
    Feature record: CXX_FEATURE:1cxx_sizeof_member
    Feature record: CXX_FEATURE:1cxx_static_assert
    Feature record: CXX_FEATURE:1cxx_strong_enums
    Feature record: CXX_FEATURE:1cxx_template_template_parameters
    Feature record: CXX_FEATURE:0cxx_thread_local
    Feature record: CXX_FEATURE:1cxx_trailing_return_types
    Feature record: CXX_FEATURE:1cxx_unicode_literals
    Feature record: CXX_FEATURE:1cxx_uniform_initialization
    Feature record: CXX_FEATURE:1cxx_unrestricted_unions
    Feature record: CXX_FEATURE:1cxx_user_literals
    Feature record: CXX_FEATURE:0cxx_variable_templates
    Feature record: CXX_FEATURE:1cxx_variadic_macros
    Feature record: CXX_FEATURE:1cxx_variadic_templates


Detecting CXX [-std=c++98] compiler features compiled with the following output:
Change Dir: /Users/jietang/Projects/doom-py/doom_py/CMakeFiles/CMakeTmp

Run Build Command:"/usr/bin/make" "cmTC_d3859/fast"
/Library/Developer/CommandLineTools/usr/bin/make -f CMakeFiles/cmTC_d3859.dir/build.make CMakeFiles/cmTC_d3859.dir/build
Building CXX object CMakeFiles/cmTC_d3859.dir/feature_tests.cxx.o
/Library/Developer/CommandLineTools/usr/bin/c++     -std=c++98 -o CMakeFiles/cmTC_d3859.dir/feature_tests.cxx.o -c /Users/jietang/Projects/doom-py/doom_py/CMakeFiles/feature_tests.cxx
Linking CXX executable cmTC_d3859
/usr/local/Cellar/cmake/3.5.2/bin/cmake -E cmake_link_script CMakeFiles/cmTC_d3859.dir/link.txt --verbose=1
/Library/Developer/CommandLineTools/usr/bin/c++     -Wl,-search_paths_first -Wl,-headerpad_max_install_names   CMakeFiles/cmTC_d3859.dir/feature_tests.cxx.o  -o cmTC_d3859  


    Feature record: CXX_FEATURE:0cxx_aggregate_default_initializers
    Feature record: CXX_FEATURE:0cxx_alias_templates
    Feature record: CXX_FEATURE:0cxx_alignas
    Feature record: CXX_FEATURE:0cxx_alignof
    Feature record: CXX_FEATURE:0cxx_attributes
    Feature record: CXX_FEATURE:0cxx_attribute_deprecated
    Feature record: CXX_FEATURE:0cxx_auto_type
    Feature record: CXX_FEATURE:0cxx_binary_literals
    Feature record: CXX_FEATURE:0cxx_constexpr
    Feature record: CXX_FEATURE:0cxx_contextual_conversions
    Feature record: CXX_FEATURE:0cxx_decltype
    Feature record: CXX_FEATURE:0cxx_decltype_auto
    Feature record: CXX_FEATURE:0cxx_decltype_incomplete_return_types
    Feature record: CXX_FEATURE:0cxx_default_function_template_args
    Feature record: CXX_FEATURE:0cxx_defaulted_functions
    Feature record: CXX_FEATURE:0cxx_defaulted_move_initializers
    Feature record: CXX_FEATURE:0cxx_delegating_constructors
    Feature record: CXX_FEATURE:0cxx_deleted_functions
    Feature record: CXX_FEATURE:0cxx_digit_separators
    Feature record: CXX_FEATURE:0cxx_enum_forward_declarations
    Feature record: CXX_FEATURE:0cxx_explicit_conversions
    Feature record: CXX_FEATURE:0cxx_extended_friend_declarations
    Feature record: CXX_FEATURE:0cxx_extern_templates
    Feature record: CXX_FEATURE:0cxx_final
    Feature record: CXX_FEATURE:0cxx_func_identifier
    Feature record: CXX_FEATURE:0cxx_generalized_initializers
    Feature record: CXX_FEATURE:0cxx_generic_lambdas
    Feature record: CXX_FEATURE:0cxx_inheriting_constructors
    Feature record: CXX_FEATURE:0cxx_inline_namespaces
    Feature record: CXX_FEATURE:0cxx_lambdas
    Feature record: CXX_FEATURE:0cxx_lambda_init_captures
    Feature record: CXX_FEATURE:0cxx_local_type_template_args
    Feature record: CXX_FEATURE:0cxx_long_long_type
    Feature record: CXX_FEATURE:0cxx_noexcept
    Feature record: CXX_FEATURE:0cxx_nonstatic_member_init
    Feature record: CXX_FEATURE:0cxx_nullptr
    Feature record: CXX_FEATURE:0cxx_override
    Feature record: CXX_FEATURE:0cxx_range_for
    Feature record: CXX_FEATURE:0cxx_raw_string_literals
    Feature record: CXX_FEATURE:0cxx_reference_qualified_functions
    Feature record: CXX_FEATURE:0cxx_relaxed_constexpr
    Feature record: CXX_FEATURE:0cxx_return_type_deduction
    Feature record: CXX_FEATURE:0cxx_right_angle_brackets
    Feature record: CXX_FEATURE:0cxx_rvalue_references
    Feature record: CXX_FEATURE:0cxx_sizeof_member
    Feature record: CXX_FEATURE:0cxx_static_assert
    Feature record: CXX_FEATURE:0cxx_strong_enums
    Feature record: CXX_FEATURE:1cxx_template_template_parameters
    Feature record: CXX_FEATURE:0cxx_thread_local
    Feature record: CXX_FEATURE:0cxx_trailing_return_types
    Feature record: CXX_FEATURE:0cxx_unicode_literals
    Feature record: CXX_FEATURE:0cxx_uniform_initialization
    Feature record: CXX_FEATURE:0cxx_unrestricted_unions
    Feature record: CXX_FEATURE:0cxx_user_literals
    Feature record: CXX_FEATURE:0cxx_variable_templates
    Feature record: CXX_FEATURE:0cxx_variadic_macros
    Feature record: CXX_FEATURE:0cxx_variadic_templates
Determining if the BZ2_bzCompressInit exist passed with the following output:
Change Dir: /Users/jietang/Projects/doom-py/doom_py/CMakeFiles/CMakeTmp

Run Build Command:"/usr/bin/make" "cmTC_e222c/fast"
/Library/Developer/CommandLineTools/usr/bin/make -f CMakeFiles/cmTC_e222c.dir/build.make CMakeFiles/cmTC_e222c.dir/build
Building C object CMakeFiles/cmTC_e222c.dir/CheckSymbolExists.c.o
/Library/Developer/CommandLineTools/usr/bin/cc     -o CMakeFiles/cmTC_e222c.dir/CheckSymbolExists.c.o   -c /Users/jietang/Projects/doom-py/doom_py/CMakeFiles/CMakeTmp/CheckSymbolExists.c
Linking C executable cmTC_e222c
/usr/local/Cellar/cmake/3.5.2/bin/cmake -E cmake_link_script CMakeFiles/cmTC_e222c.dir/link.txt --verbose=1
/Library/Developer/CommandLineTools/usr/bin/cc    -Wl,-search_paths_first -Wl,-headerpad_max_install_names   CMakeFiles/cmTC_e222c.dir/CheckSymbolExists.c.o  -o cmTC_e222c  /usr/lib/libbz2.dylib 

File /Users/jietang/Projects/doom-py/doom_py/CMakeFiles/CMakeTmp/CheckSymbolExists.c:
/* */
#include <bzlib.h>

int main(int argc, char** argv)
{
  (void)argv;
#ifndef BZ2_bzCompressInit
  return ((int*)(&BZ2_bzCompressInit))[argc];
#else
  (void)argc;
  return 0;
#endif
}

Performing C++ SOURCE FILE Test HAVE_NO_ARRAY_BOUNDS succeeded with the following output:
Change Dir: /Users/jietang/Projects/doom-py/doom_py/CMakeFiles/CMakeTmp

Run Build Command:"/usr/bin/make" "cmTC_8eaa2/fast"
/Library/Developer/CommandLineTools/usr/bin/make -f CMakeFiles/cmTC_8eaa2.dir/build.make CMakeFiles/cmTC_8eaa2.dir/build
Building CXX object CMakeFiles/cmTC_8eaa2.dir/src.cxx.o
/Library/Developer/CommandLineTools/usr/bin/c++     -Wall -Wextra -fomit-frame-pointer -DHAVE_NO_ARRAY_BOUNDS   -Wno-array-bounds -o CMakeFiles/cmTC_8eaa2.dir/src.cxx.o -c /Users/jietang/Projects/doom-py/doom_py/CMakeFiles/CMakeTmp/src.cxx
Linking CXX executable cmTC_8eaa2
/usr/local/Cellar/cmake/3.5.2/bin/cmake -E cmake_link_script CMakeFiles/cmTC_8eaa2.dir/link.txt --verbose=1
/Library/Developer/CommandLineTools/usr/bin/c++     -Wall -Wextra -fomit-frame-pointer -DHAVE_NO_ARRAY_BOUNDS -Wl,-search_paths_first -Wl,-headerpad_max_install_names   CMakeFiles/cmTC_8eaa2.dir/src.cxx.o  -o cmTC_8eaa2  

Source file was:
int main() { return 0; }
Determining if the function strdup exists passed with the following output:
Change Dir: /Users/jietang/Projects/doom-py/doom_py/CMakeFiles/CMakeTmp

Run Build Command:"/usr/bin/make" "cmTC_c13ec/fast"
/Library/Developer/CommandLineTools/usr/bin/make -f CMakeFiles/cmTC_c13ec.dir/build.make CMakeFiles/cmTC_c13ec.dir/build
Building C object CMakeFiles/cmTC_c13ec.dir/CheckFunctionExists.c.o
/Library/Developer/CommandLineTools/usr/bin/cc    -DCHECK_FUNCTION_EXISTS=strdup   -o CMakeFiles/cmTC_c13ec.dir/CheckFunctionExists.c.o   -c /usr/local/Cellar/cmake/3.5.2/share/cmake/Modules/CheckFunctionExists.c
/usr/local/Cellar/cmake/3.5.2/share/cmake/Modules/CheckFunctionExists.c:6:6: warning: incompatible redeclaration of library function 'strdup' [-Wincompatible-library-redeclaration]
char CHECK_FUNCTION_EXISTS();
     ^
<command line>:1:31: note: expanded from here
#define CHECK_FUNCTION_EXISTS strdup
                              ^
/usr/local/Cellar/cmake/3.5.2/share/cmake/Modules/CheckFunctionExists.c:6:6: note: 'strdup' is a builtin with type 'char *(const char *)'
<command line>:1:31: note: expanded from here
#define CHECK_FUNCTION_EXISTS strdup
                              ^
1 warning generated.
Linking C executable cmTC_c13ec
/usr/local/Cellar/cmake/3.5.2/bin/cmake -E cmake_link_script CMakeFiles/cmTC_c13ec.dir/link.txt --verbose=1
/Library/Developer/CommandLineTools/usr/bin/cc    -DCHECK_FUNCTION_EXISTS=strdup -Wl,-search_paths_first -Wl,-headerpad_max_install_names   CMakeFiles/cmTC_c13ec.dir/CheckFunctionExists.c.o  -o cmTC_c13ec  


Determining if the function strndup exists passed with the following output:
Change Dir: /Users/jietang/Projects/doom-py/doom_py/CMakeFiles/CMakeTmp

Run Build Command:"/usr/bin/make" "cmTC_82425/fast"
/Library/Developer/CommandLineTools/usr/bin/make -f CMakeFiles/cmTC_82425.dir/build.make CMakeFiles/cmTC_82425.dir/build
Building C object CMakeFiles/cmTC_82425.dir/CheckFunctionExists.c.o
/Library/Developer/CommandLineTools/usr/bin/cc    -DCHECK_FUNCTION_EXISTS=strndup   -o CMakeFiles/cmTC_82425.dir/CheckFunctionExists.c.o   -c /usr/local/Cellar/cmake/3.5.2/share/cmake/Modules/CheckFunctionExists.c
/usr/local/Cellar/cmake/3.5.2/share/cmake/Modules/CheckFunctionExists.c:6:6: warning: incompatible redeclaration of library function 'strndup' [-Wincompatible-library-redeclaration]
char CHECK_FUNCTION_EXISTS();
     ^
<command line>:1:31: note: expanded from here
#define CHECK_FUNCTION_EXISTS strndup
                              ^
/usr/local/Cellar/cmake/3.5.2/share/cmake/Modules/CheckFunctionExists.c:6:6: note: 'strndup' is a builtin with type 'char *(const char *, unsigned long)'
<command line>:1:31: note: expanded from here
#define CHECK_FUNCTION_EXISTS strndup
                              ^
1 warning generated.
Linking C executable cmTC_82425
/usr/local/Cellar/cmake/3.5.2/bin/cmake -E cmake_link_script CMakeFiles/cmTC_82425.dir/link.txt --verbose=1
/Library/Developer/CommandLineTools/usr/bin/cc    -DCHECK_FUNCTION_EXISTS=strndup -Wl,-search_paths_first -Wl,-headerpad_max_install_names   CMakeFiles/cmTC_82425.dir/CheckFunctionExists.c.o  -o cmTC_82425  


Determining if the include file sys/types.h exists passed with the following output:
Change Dir: /Users/jietang/Projects/doom-py/doom_py/CMakeFiles/CMakeTmp

Run Build Command:"/usr/bin/make" "cmTC_1369e/fast"
/Library/Developer/CommandLineTools/usr/bin/make -f CMakeFiles/cmTC_1369e.dir/build.make CMakeFiles/cmTC_1369e.dir/build
Building C object CMakeFiles/cmTC_1369e.dir/CheckIncludeFile.c.o
/Library/Developer/CommandLineTools/usr/bin/cc     -o CMakeFiles/cmTC_1369e.dir/CheckIncludeFile.c.o   -c /Users/jietang/Projects/doom-py/doom_py/CMakeFiles/CMakeTmp/CheckIncludeFile.c
Linking C executable cmTC_1369e
/usr/local/Cellar/cmake/3.5.2/bin/cmake -E cmake_link_script CMakeFiles/cmTC_1369e.dir/link.txt --verbose=1
/Library/Developer/CommandLineTools/usr/bin/cc     -Wl,-search_paths_first -Wl,-headerpad_max_install_names   CMakeFiles/cmTC_1369e.dir/CheckIncludeFile.c.o  -o cmTC_1369e  


Determining if the include file stdint.h exists passed with the following output:
Change Dir: /Users/jietang/Projects/doom-py/doom_py/CMakeFiles/CMakeTmp

Run Build Command:"/usr/bin/make" "cmTC_9db9b/fast"
/Library/Developer/CommandLineTools/usr/bin/make -f CMakeFiles/cmTC_9db9b.dir/build.make CMakeFiles/cmTC_9db9b.dir/build
Building C object CMakeFiles/cmTC_9db9b.dir/CheckIncludeFile.c.o
/Library/Developer/CommandLineTools/usr/bin/cc     -o CMakeFiles/cmTC_9db9b.dir/CheckIncludeFile.c.o   -c /Users/jietang/Projects/doom-py/doom_py/CMakeFiles/CMakeTmp/CheckIncludeFile.c
Linking C executable cmTC_9db9b
/usr/local/Cellar/cmake/3.5.2/bin/cmake -E cmake_link_script CMakeFiles/cmTC_9db9b.dir/link.txt --verbose=1
/Library/Developer/CommandLineTools/usr/bin/cc     -Wl,-search_paths_first -Wl,-headerpad_max_install_names   CMakeFiles/cmTC_9db9b.dir/CheckIncludeFile.c.o  -o cmTC_9db9b  


Determining if the include file stddef.h exists passed with the following output:
Change Dir: /Users/jietang/Projects/doom-py/doom_py/CMakeFiles/CMakeTmp

Run Build Command:"/usr/bin/make" "cmTC_5fc0b/fast"
/Library/Developer/CommandLineTools/usr/bin/make -f CMakeFiles/cmTC_5fc0b.dir/build.make CMakeFiles/cmTC_5fc0b.dir/build
Building C object CMakeFiles/cmTC_5fc0b.dir/CheckIncludeFile.c.o
/Library/Developer/CommandLineTools/usr/bin/cc     -o CMakeFiles/cmTC_5fc0b.dir/CheckIncludeFile.c.o   -c /Users/jietang/Projects/doom-py/doom_py/CMakeFiles/CMakeTmp/CheckIncludeFile.c
Linking C executable cmTC_5fc0b
/usr/local/Cellar/cmake/3.5.2/bin/cmake -E cmake_link_script CMakeFiles/cmTC_5fc0b.dir/link.txt --verbose=1
/Library/Developer/CommandLineTools/usr/bin/cc     -Wl,-search_paths_first -Wl,-headerpad_max_install_names   CMakeFiles/cmTC_5fc0b.dir/CheckIncludeFile.c.o  -o cmTC_5fc0b  


Determining size of char passed with the following output:
Change Dir: /Users/jietang/Projects/doom-py/doom_py/CMakeFiles/CMakeTmp

Run Build Command:"/usr/bin/make" "cmTC_a7e32/fast"
/Library/Developer/CommandLineTools/usr/bin/make -f CMakeFiles/cmTC_a7e32.dir/build.make CMakeFiles/cmTC_a7e32.dir/build
Building C object CMakeFiles/cmTC_a7e32.dir/SIZEOF_CHAR.c.o
/Library/Developer/CommandLineTools/usr/bin/cc     -o CMakeFiles/cmTC_a7e32.dir/SIZEOF_CHAR.c.o   -c /Users/jietang/Projects/doom-py/doom_py/CMakeFiles/CheckTypeSize/SIZEOF_CHAR.c
Linking C executable cmTC_a7e32
/usr/local/Cellar/cmake/3.5.2/bin/cmake -E cmake_link_script CMakeFiles/cmTC_a7e32.dir/link.txt --verbose=1
/Library/Developer/CommandLineTools/usr/bin/cc     -Wl,-search_paths_first -Wl,-headerpad_max_install_names   CMakeFiles/cmTC_a7e32.dir/SIZEOF_CHAR.c.o  -o cmTC_a7e32  


Determining size of short passed with the following output:
Change Dir: /Users/jietang/Projects/doom-py/doom_py/CMakeFiles/CMakeTmp

Run Build Command:"/usr/bin/make" "cmTC_478e3/fast"
/Library/Developer/CommandLineTools/usr/bin/make -f CMakeFiles/cmTC_478e3.dir/build.make CMakeFiles/cmTC_478e3.dir/build
Building C object CMakeFiles/cmTC_478e3.dir/SIZEOF_SHORT.c.o
/Library/Developer/CommandLineTools/usr/bin/cc     -o CMakeFiles/cmTC_478e3.dir/SIZEOF_SHORT.c.o   -c /Users/jietang/Projects/doom-py/doom_py/CMakeFiles/CheckTypeSize/SIZEOF_SHORT.c
Linking C executable cmTC_478e3
/usr/local/Cellar/cmake/3.5.2/bin/cmake -E cmake_link_script CMakeFiles/cmTC_478e3.dir/link.txt --verbose=1
/Library/Developer/CommandLineTools/usr/bin/cc     -Wl,-search_paths_first -Wl,-headerpad_max_install_names   CMakeFiles/cmTC_478e3.dir/SIZEOF_SHORT.c.o  -o cmTC_478e3  


Determining size of int passed with the following output:
Change Dir: /Users/jietang/Projects/doom-py/doom_py/CMakeFiles/CMakeTmp

Run Build Command:"/usr/bin/make" "cmTC_4f64a/fast"
/Library/Developer/CommandLineTools/usr/bin/make -f CMakeFiles/cmTC_4f64a.dir/build.make CMakeFiles/cmTC_4f64a.dir/build
Building C object CMakeFiles/cmTC_4f64a.dir/SIZEOF_INT.c.o
/Library/Developer/CommandLineTools/usr/bin/cc     -o CMakeFiles/cmTC_4f64a.dir/SIZEOF_INT.c.o   -c /Users/jietang/Projects/doom-py/doom_py/CMakeFiles/CheckTypeSize/SIZEOF_INT.c
Linking C executable cmTC_4f64a
/usr/local/Cellar/cmake/3.5.2/bin/cmake -E cmake_link_script CMakeFiles/cmTC_4f64a.dir/link.txt --verbose=1
/Library/Developer/CommandLineTools/usr/bin/cc     -Wl,-search_paths_first -Wl,-headerpad_max_install_names   CMakeFiles/cmTC_4f64a.dir/SIZEOF_INT.c.o  -o cmTC_4f64a  


Determining size of long passed with the following output:
Change Dir: /Users/jietang/Projects/doom-py/doom_py/CMakeFiles/CMakeTmp

Run Build Command:"/usr/bin/make" "cmTC_1ccb4/fast"
/Library/Developer/CommandLineTools/usr/bin/make -f CMakeFiles/cmTC_1ccb4.dir/build.make CMakeFiles/cmTC_1ccb4.dir/build
Building C object CMakeFiles/cmTC_1ccb4.dir/SIZEOF_LONG.c.o
/Library/Developer/CommandLineTools/usr/bin/cc     -o CMakeFiles/cmTC_1ccb4.dir/SIZEOF_LONG.c.o   -c /Users/jietang/Projects/doom-py/doom_py/CMakeFiles/CheckTypeSize/SIZEOF_LONG.c
Linking C executable cmTC_1ccb4
/usr/local/Cellar/cmake/3.5.2/bin/cmake -E cmake_link_script CMakeFiles/cmTC_1ccb4.dir/link.txt --verbose=1
/Library/Developer/CommandLineTools/usr/bin/cc     -Wl,-search_paths_first -Wl,-headerpad_max_install_names   CMakeFiles/cmTC_1ccb4.dir/SIZEOF_LONG.c.o  -o cmTC_1ccb4  


Performing C++ SOURCE FILE Test DUMB_CAN_USE_SSE succeeded with the following output:
Change Dir: /Users/jietang/Projects/doom-py/doom_py/CMakeFiles/CMakeTmp

Run Build Command:"/usr/bin/make" "cmTC_94715/fast"
/Library/Developer/CommandLineTools/usr/bin/make -f CMakeFiles/cmTC_94715.dir/build.make CMakeFiles/cmTC_94715.dir/build
Building CXX object CMakeFiles/cmTC_94715.dir/src.cxx.o
/Library/Developer/CommandLineTools/usr/bin/c++     -DDUMB_CAN_USE_SSE   -msse -o CMakeFiles/cmTC_94715.dir/src.cxx.o -c /Users/jietang/Projects/doom-py/doom_py/CMakeFiles/CMakeTmp/src.cxx
Linking CXX executable cmTC_94715
/usr/local/Cellar/cmake/3.5.2/bin/cmake -E cmake_link_script CMakeFiles/cmTC_94715.dir/link.txt --verbose=1
/Library/Developer/CommandLineTools/usr/bin/c++     -DDUMB_CAN_USE_SSE -Wl,-search_paths_first -Wl,-headerpad_max_install_names   CMakeFiles/cmTC_94715.dir/src.cxx.o  -o cmTC_94715  

Source file was:
int main() { return 0; }
Performing C++ SOURCE FILE Test HAS_VA_COPY succeeded with the following output:
Change Dir: /Users/jietang/Projects/doom-py/doom_py/CMakeFiles/CMakeTmp

Run Build Command:"/usr/bin/make" "cmTC_08692/fast"
/Library/Developer/CommandLineTools/usr/bin/make -f CMakeFiles/cmTC_08692.dir/build.make CMakeFiles/cmTC_08692.dir/build
Building CXX object CMakeFiles/cmTC_08692.dir/src.cxx.o
/Library/Developer/CommandLineTools/usr/bin/c++     -Wall -Wextra -Wno-unused -Wno-unused-parameter -Wno-missing-field-initializers -Wno-unused-result   -DHAS_VA_COPY   -o CMakeFiles/cmTC_08692.dir/src.cxx.o -c /Users/jietang/Projects/doom-py/doom_py/CMakeFiles/CMakeTmp/src.cxx
Linking CXX executable cmTC_08692
/usr/local/Cellar/cmake/3.5.2/bin/cmake -E cmake_link_script CMakeFiles/cmTC_08692.dir/link.txt --verbose=1
/Library/Developer/CommandLineTools/usr/bin/c++   -Wall -Wextra -Wno-unused -Wno-unused-parameter -Wno-missing-field-initializers -Wno-unused-result   -DHAS_VA_COPY -Wl,-search_paths_first -Wl,-headerpad_max_install_names   CMakeFiles/cmTC_08692.dir/src.cxx.o  -o cmTC_08692  

Source file was:
#include <stdarg.h>
	int main() { va_list list1, list2; va_copy(list1, list2); return 0; }
Determining if the include file pthread.h exists passed with the following output:
Change Dir: /Users/jietang/Projects/doom-py/doom_py/CMakeFiles/CMakeTmp

Run Build Command:"/usr/bin/make" "cmTC_31863/fast"
/Library/Developer/CommandLineTools/usr/bin/make -f CMakeFiles/cmTC_31863.dir/build.make CMakeFiles/cmTC_31863.dir/build
Building C object CMakeFiles/cmTC_31863.dir/CheckIncludeFile.c.o
/Library/Developer/CommandLineTools/usr/bin/cc    -Wall -Wextra -Wno-unused -Wno-unused-parameter -Wno-missing-field-initializers -Wno-unused-result      -o CMakeFiles/cmTC_31863.dir/CheckIncludeFile.c.o   -c /Users/jietang/Projects/doom-py/doom_py/CMakeFiles/CMakeTmp/CheckIncludeFile.c
Linking C executable cmTC_31863
/usr/local/Cellar/cmake/3.5.2/bin/cmake -E cmake_link_script CMakeFiles/cmTC_31863.dir/link.txt --verbose=1
/Library/Developer/CommandLineTools/usr/bin/cc  -Wall -Wextra -Wno-unused -Wno-unused-parameter -Wno-missing-field-initializers -Wno-unused-result    -Wl,-search_paths_first -Wl,-headerpad_max_install_names   CMakeFiles/cmTC_31863.dir/CheckIncludeFile.c.o  -o cmTC_31863  


Determining if the pthread_create exist passed with the following output:
Change Dir: /Users/jietang/Projects/doom-py/doom_py/CMakeFiles/CMakeTmp

Run Build Command:"/usr/bin/make" "cmTC_e1369/fast"
/Library/Developer/CommandLineTools/usr/bin/make -f CMakeFiles/cmTC_e1369.dir/build.make CMakeFiles/cmTC_e1369.dir/build
Building C object CMakeFiles/cmTC_e1369.dir/CheckSymbolExists.c.o
/Library/Developer/CommandLineTools/usr/bin/cc    -Wall -Wextra -Wno-unused -Wno-unused-parameter -Wno-missing-field-initializers -Wno-unused-result      -o CMakeFiles/cmTC_e1369.dir/CheckSymbolExists.c.o   -c /Users/jietang/Projects/doom-py/doom_py/CMakeFiles/CMakeTmp/CheckSymbolExists.c
Linking C executable cmTC_e1369
/usr/local/Cellar/cmake/3.5.2/bin/cmake -E cmake_link_script CMakeFiles/cmTC_e1369.dir/link.txt --verbose=1
/Library/Developer/CommandLineTools/usr/bin/cc  -Wall -Wextra -Wno-unused -Wno-unused-parameter -Wno-missing-field-initializers -Wno-unused-result    -Wl,-search_paths_first -Wl,-headerpad_max_install_names   CMakeFiles/cmTC_e1369.dir/CheckSymbolExists.c.o  -o cmTC_e1369  

File /Users/jietang/Projects/doom-py/doom_py/CMakeFiles/CMakeTmp/CheckSymbolExists.c:
/* */
#include <pthread.h>

int main(int argc, char** argv)
{
  (void)argv;
#ifndef pthread_create
  return ((int*)(&pthread_create))[argc];
#else
  (void)argc;
  return 0;
#endif
}

Determining if the include file pthread.h exists passed with the following output:
Change Dir: /Users/jietang/Projects/doom-py/doom_py/CMakeFiles/CMakeTmp

Run Build Command:"/usr/bin/make" "cmTC_76c13/fast"
/Library/Developer/CommandLineTools/usr/bin/make -f CMakeFiles/cmTC_76c13.dir/build.make CMakeFiles/cmTC_76c13.dir/build
Building C object CMakeFiles/cmTC_76c13.dir/CheckIncludeFile.c.o
/Library/Developer/CommandLineTools/usr/bin/cc     -o CMakeFiles/cmTC_76c13.dir/CheckIncludeFile.c.o   -c /Users/jietang/Projects/doom-py/doom_py/CMakeFiles/CMakeTmp/CheckIncludeFile.c
Linking C executable cmTC_76c13
/usr/local/Cellar/cmake/3.5.2/bin/cmake -E cmake_link_script CMakeFiles/cmTC_76c13.dir/link.txt --verbose=1
/Library/Developer/CommandLineTools/usr/bin/cc    -Wl,-search_paths_first -Wl,-headerpad_max_install_names   CMakeFiles/cmTC_76c13.dir/CheckIncludeFile.c.o  -o cmTC_76c13  


Determining if the pthread_create exist passed with the following output:
Change Dir: /Users/jietang/Projects/doom-py/doom_py/CMakeFiles/CMakeTmp

Run Build Command:"/usr/bin/make" "cmTC_260bf/fast"
/Library/Developer/CommandLineTools/usr/bin/make -f CMakeFiles/cmTC_260bf.dir/build.make CMakeFiles/cmTC_260bf.dir/build
Building C object CMakeFiles/cmTC_260bf.dir/CheckSymbolExists.c.o
/Library/Developer/CommandLineTools/usr/bin/cc     -o CMakeFiles/cmTC_260bf.dir/CheckSymbolExists.c.o   -c /Users/jietang/Projects/doom-py/doom_py/CMakeFiles/CMakeTmp/CheckSymbolExists.c
Linking C executable cmTC_260bf
/usr/local/Cellar/cmake/3.5.2/bin/cmake -E cmake_link_script CMakeFiles/cmTC_260bf.dir/link.txt --verbose=1
/Library/Developer/CommandLineTools/usr/bin/cc    -Wl,-search_paths_first -Wl,-headerpad_max_install_names   CMakeFiles/cmTC_260bf.dir/CheckSymbolExists.c.o  -o cmTC_260bf  

File /Users/jietang/Projects/doom-py/doom_py/CMakeFiles/CMakeTmp/CheckSymbolExists.c:
/* */
#include <pthread.h>

int main(int argc, char** argv)
{
  (void)argv;
#ifndef pthread_create
  return ((int*)(&pthread_create))[argc];
#else
  (void)argc;
  return 0;
#endif
}

Determining if the BZ2_bzCompressInit exist passed with the following output:
Change Dir: /Users/jietang/Projects/doom-py/doom_py/CMakeFiles/CMakeTmp

Run Build Command:"/usr/bin/make" "cmTC_cc974/fast"
/Library/Developer/CommandLineTools/usr/bin/make -f CMakeFiles/cmTC_cc974.dir/build.make CMakeFiles/cmTC_cc974.dir/build
Building C object CMakeFiles/cmTC_cc974.dir/CheckSymbolExists.c.o
/Library/Developer/CommandLineTools/usr/bin/cc     -o CMakeFiles/cmTC_cc974.dir/CheckSymbolExists.c.o   -c /Users/jietang/Projects/doom-py/doom_py/CMakeFiles/CMakeTmp/CheckSymbolExists.c
Linking C executable cmTC_cc974
/usr/local/Cellar/cmake/3.5.2/bin/cmake -E cmake_link_script CMakeFiles/cmTC_cc974.dir/link.txt --verbose=1
/Library/Developer/CommandLineTools/usr/bin/cc    -Wl,-search_paths_first -Wl,-headerpad_max_install_names   CMakeFiles/cmTC_cc974.dir/CheckSymbolExists.c.o  -o cmTC_cc974  /usr/lib/libbz2.dylib 

File /Users/jietang/Projects/doom-py/doom_py/CMakeFiles/CMakeTmp/CheckSymbolExists.c:
/* */
#include <bzlib.h>

int main(int argc, char** argv)
{
  (void)argv;
#ifndef BZ2_bzCompressInit
  return ((int*)(&BZ2_bzCompressInit))[argc];
#else
  (void)argc;
  return 0;
#endif
}

Performing C++ SOURCE FILE Test HAVE_NO_ARRAY_BOUNDS succeeded with the following output:
Change Dir: /Users/jietang/Projects/doom-py/doom_py/CMakeFiles/CMakeTmp

Run Build Command:"/usr/bin/make" "cmTC_32809/fast"
/Library/Developer/CommandLineTools/usr/bin/make -f CMakeFiles/cmTC_32809.dir/build.make CMakeFiles/cmTC_32809.dir/build
Building CXX object CMakeFiles/cmTC_32809.dir/src.cxx.o
/Library/Developer/CommandLineTools/usr/bin/c++     -Wall -Wextra -fomit-frame-pointer -DHAVE_NO_ARRAY_BOUNDS   -Wno-array-bounds -o CMakeFiles/cmTC_32809.dir/src.cxx.o -c /Users/jietang/Projects/doom-py/doom_py/CMakeFiles/CMakeTmp/src.cxx
Linking CXX executable cmTC_32809
/usr/local/Cellar/cmake/3.5.2/bin/cmake -E cmake_link_script CMakeFiles/cmTC_32809.dir/link.txt --verbose=1
/Library/Developer/CommandLineTools/usr/bin/c++     -Wall -Wextra -fomit-frame-pointer -DHAVE_NO_ARRAY_BOUNDS -Wl,-search_paths_first -Wl,-headerpad_max_install_names   CMakeFiles/cmTC_32809.dir/src.cxx.o  -o cmTC_32809  

Source file was:
int main() { return 0; }
Determining if the function strdup exists passed with the following output:
Change Dir: /Users/jietang/Projects/doom-py/doom_py/CMakeFiles/CMakeTmp

Run Build Command:"/usr/bin/make" "cmTC_b2c86/fast"
/Library/Developer/CommandLineTools/usr/bin/make -f CMakeFiles/cmTC_b2c86.dir/build.make CMakeFiles/cmTC_b2c86.dir/build
Building C object CMakeFiles/cmTC_b2c86.dir/CheckFunctionExists.c.o
/Library/Developer/CommandLineTools/usr/bin/cc    -DCHECK_FUNCTION_EXISTS=strdup   -o CMakeFiles/cmTC_b2c86.dir/CheckFunctionExists.c.o   -c /usr/local/Cellar/cmake/3.5.2/share/cmake/Modules/CheckFunctionExists.c
/usr/local/Cellar/cmake/3.5.2/share/cmake/Modules/CheckFunctionExists.c:6:6: warning: incompatible redeclaration of library function 'strdup' [-Wincompatible-library-redeclaration]
char CHECK_FUNCTION_EXISTS();
     ^
<command line>:1:31: note: expanded from here
#define CHECK_FUNCTION_EXISTS strdup
                              ^
/usr/local/Cellar/cmake/3.5.2/share/cmake/Modules/CheckFunctionExists.c:6:6: note: 'strdup' is a builtin with type 'char *(const char *)'
<command line>:1:31: note: expanded from here
#define CHECK_FUNCTION_EXISTS strdup
                              ^
1 warning generated.
Linking C executable cmTC_b2c86
/usr/local/Cellar/cmake/3.5.2/bin/cmake -E cmake_link_script CMakeFiles/cmTC_b2c86.dir/link.txt --verbose=1
/Library/Developer/CommandLineTools/usr/bin/cc    -DCHECK_FUNCTION_EXISTS=strdup -Wl,-search_paths_first -Wl,-headerpad_max_install_names   CMakeFiles/cmTC_b2c86.dir/CheckFunctionExists.c.o  -o cmTC_b2c86  


Determining if the function strndup exists passed with the following output:
Change Dir: /Users/jietang/Projects/doom-py/doom_py/CMakeFiles/CMakeTmp

Run Build Command:"/usr/bin/make" "cmTC_a77a3/fast"
/Library/Developer/CommandLineTools/usr/bin/make -f CMakeFiles/cmTC_a77a3.dir/build.make CMakeFiles/cmTC_a77a3.dir/build
Building C object CMakeFiles/cmTC_a77a3.dir/CheckFunctionExists.c.o
/Library/Developer/CommandLineTools/usr/bin/cc    -DCHECK_FUNCTION_EXISTS=strndup   -o CMakeFiles/cmTC_a77a3.dir/CheckFunctionExists.c.o   -c /usr/local/Cellar/cmake/3.5.2/share/cmake/Modules/CheckFunctionExists.c
/usr/local/Cellar/cmake/3.5.2/share/cmake/Modules/CheckFunctionExists.c:6:6: warning: incompatible redeclaration of library function 'strndup' [-Wincompatible-library-redeclaration]
char CHECK_FUNCTION_EXISTS();
     ^
<command line>:1:31: note: expanded from here
#define CHECK_FUNCTION_EXISTS strndup
                              ^
/usr/local/Cellar/cmake/3.5.2/share/cmake/Modules/CheckFunctionExists.c:6:6: note: 'strndup' is a builtin with type 'char *(const char *, unsigned long)'
<command line>:1:31: note: expanded from here
#define CHECK_FUNCTION_EXISTS strndup
                              ^
1 warning generated.
Linking C executable cmTC_a77a3
/usr/local/Cellar/cmake/3.5.2/bin/cmake -E cmake_link_script CMakeFiles/cmTC_a77a3.dir/link.txt --verbose=1
/Library/Developer/CommandLineTools/usr/bin/cc    -DCHECK_FUNCTION_EXISTS=strndup -Wl,-search_paths_first -Wl,-headerpad_max_install_names   CMakeFiles/cmTC_a77a3.dir/CheckFunctionExists.c.o  -o cmTC_a77a3  


Determining if the include file sys/types.h exists passed with the following output:
Change Dir: /Users/jietang/Projects/doom-py/doom_py/CMakeFiles/CMakeTmp

Run Build Command:"/usr/bin/make" "cmTC_88387/fast"
/Library/Developer/CommandLineTools/usr/bin/make -f CMakeFiles/cmTC_88387.dir/build.make CMakeFiles/cmTC_88387.dir/build
Building C object CMakeFiles/cmTC_88387.dir/CheckIncludeFile.c.o
/Library/Developer/CommandLineTools/usr/bin/cc     -o CMakeFiles/cmTC_88387.dir/CheckIncludeFile.c.o   -c /Users/jietang/Projects/doom-py/doom_py/CMakeFiles/CMakeTmp/CheckIncludeFile.c
Linking C executable cmTC_88387
/usr/local/Cellar/cmake/3.5.2/bin/cmake -E cmake_link_script CMakeFiles/cmTC_88387.dir/link.txt --verbose=1
/Library/Developer/CommandLineTools/usr/bin/cc     -Wl,-search_paths_first -Wl,-headerpad_max_install_names   CMakeFiles/cmTC_88387.dir/CheckIncludeFile.c.o  -o cmTC_88387  


Determining if the include file stdint.h exists passed with the following output:
Change Dir: /Users/jietang/Projects/doom-py/doom_py/CMakeFiles/CMakeTmp

Run Build Command:"/usr/bin/make" "cmTC_32b4c/fast"
/Library/Developer/CommandLineTools/usr/bin/make -f CMakeFiles/cmTC_32b4c.dir/build.make CMakeFiles/cmTC_32b4c.dir/build
Building C object CMakeFiles/cmTC_32b4c.dir/CheckIncludeFile.c.o
/Library/Developer/CommandLineTools/usr/bin/cc     -o CMakeFiles/cmTC_32b4c.dir/CheckIncludeFile.c.o   -c /Users/jietang/Projects/doom-py/doom_py/CMakeFiles/CMakeTmp/CheckIncludeFile.c
Linking C executable cmTC_32b4c
/usr/local/Cellar/cmake/3.5.2/bin/cmake -E cmake_link_script CMakeFiles/cmTC_32b4c.dir/link.txt --verbose=1
/Library/Developer/CommandLineTools/usr/bin/cc     -Wl,-search_paths_first -Wl,-headerpad_max_install_names   CMakeFiles/cmTC_32b4c.dir/CheckIncludeFile.c.o  -o cmTC_32b4c  


Determining if the include file stddef.h exists passed with the following output:
Change Dir: /Users/jietang/Projects/doom-py/doom_py/CMakeFiles/CMakeTmp

Run Build Command:"/usr/bin/make" "cmTC_cb434/fast"
/Library/Developer/CommandLineTools/usr/bin/make -f CMakeFiles/cmTC_cb434.dir/build.make CMakeFiles/cmTC_cb434.dir/build
Building C object CMakeFiles/cmTC_cb434.dir/CheckIncludeFile.c.o
/Library/Developer/CommandLineTools/usr/bin/cc     -o CMakeFiles/cmTC_cb434.dir/CheckIncludeFile.c.o   -c /Users/jietang/Projects/doom-py/doom_py/CMakeFiles/CMakeTmp/CheckIncludeFile.c
Linking C executable cmTC_cb434
/usr/local/Cellar/cmake/3.5.2/bin/cmake -E cmake_link_script CMakeFiles/cmTC_cb434.dir/link.txt --verbose=1
/Library/Developer/CommandLineTools/usr/bin/cc     -Wl,-search_paths_first -Wl,-headerpad_max_install_names   CMakeFiles/cmTC_cb434.dir/CheckIncludeFile.c.o  -o cmTC_cb434  


Determining size of char passed with the following output:
Change Dir: /Users/jietang/Projects/doom-py/doom_py/CMakeFiles/CMakeTmp

Run Build Command:"/usr/bin/make" "cmTC_68f2b/fast"
/Library/Developer/CommandLineTools/usr/bin/make -f CMakeFiles/cmTC_68f2b.dir/build.make CMakeFiles/cmTC_68f2b.dir/build
Building C object CMakeFiles/cmTC_68f2b.dir/SIZEOF_CHAR.c.o
/Library/Developer/CommandLineTools/usr/bin/cc     -o CMakeFiles/cmTC_68f2b.dir/SIZEOF_CHAR.c.o   -c /Users/jietang/Projects/doom-py/doom_py/CMakeFiles/CheckTypeSize/SIZEOF_CHAR.c
Linking C executable cmTC_68f2b
/usr/local/Cellar/cmake/3.5.2/bin/cmake -E cmake_link_script CMakeFiles/cmTC_68f2b.dir/link.txt --verbose=1
/Library/Developer/CommandLineTools/usr/bin/cc     -Wl,-search_paths_first -Wl,-headerpad_max_install_names   CMakeFiles/cmTC_68f2b.dir/SIZEOF_CHAR.c.o  -o cmTC_68f2b  


Determining size of short passed with the following output:
Change Dir: /Users/jietang/Projects/doom-py/doom_py/CMakeFiles/CMakeTmp

Run Build Command:"/usr/bin/make" "cmTC_98591/fast"
/Library/Developer/CommandLineTools/usr/bin/make -f CMakeFiles/cmTC_98591.dir/build.make CMakeFiles/cmTC_98591.dir/build
Building C object CMakeFiles/cmTC_98591.dir/SIZEOF_SHORT.c.o
/Library/Developer/CommandLineTools/usr/bin/cc     -o CMakeFiles/cmTC_98591.dir/SIZEOF_SHORT.c.o   -c /Users/jietang/Projects/doom-py/doom_py/CMakeFiles/CheckTypeSize/SIZEOF_SHORT.c
Linking C executable cmTC_98591
/usr/local/Cellar/cmake/3.5.2/bin/cmake -E cmake_link_script CMakeFiles/cmTC_98591.dir/link.txt --verbose=1
/Library/Developer/CommandLineTools/usr/bin/cc     -Wl,-search_paths_first -Wl,-headerpad_max_install_names   CMakeFiles/cmTC_98591.dir/SIZEOF_SHORT.c.o  -o cmTC_98591  


Determining size of int passed with the following output:
Change Dir: /Users/jietang/Projects/doom-py/doom_py/CMakeFiles/CMakeTmp

Run Build Command:"/usr/bin/make" "cmTC_0a6bc/fast"
/Library/Developer/CommandLineTools/usr/bin/make -f CMakeFiles/cmTC_0a6bc.dir/build.make CMakeFiles/cmTC_0a6bc.dir/build
Building C object CMakeFiles/cmTC_0a6bc.dir/SIZEOF_INT.c.o
/Library/Developer/CommandLineTools/usr/bin/cc     -o CMakeFiles/cmTC_0a6bc.dir/SIZEOF_INT.c.o   -c /Users/jietang/Projects/doom-py/doom_py/CMakeFiles/CheckTypeSize/SIZEOF_INT.c
Linking C executable cmTC_0a6bc
/usr/local/Cellar/cmake/3.5.2/bin/cmake -E cmake_link_script CMakeFiles/cmTC_0a6bc.dir/link.txt --verbose=1
/Library/Developer/CommandLineTools/usr/bin/cc     -Wl,-search_paths_first -Wl,-headerpad_max_install_names   CMakeFiles/cmTC_0a6bc.dir/SIZEOF_INT.c.o  -o cmTC_0a6bc  


Determining size of long passed with the following output:
Change Dir: /Users/jietang/Projects/doom-py/doom_py/CMakeFiles/CMakeTmp

Run Build Command:"/usr/bin/make" "cmTC_41e3b/fast"
/Library/Developer/CommandLineTools/usr/bin/make -f CMakeFiles/cmTC_41e3b.dir/build.make CMakeFiles/cmTC_41e3b.dir/build
Building C object CMakeFiles/cmTC_41e3b.dir/SIZEOF_LONG.c.o
/Library/Developer/CommandLineTools/usr/bin/cc     -o CMakeFiles/cmTC_41e3b.dir/SIZEOF_LONG.c.o   -c /Users/jietang/Projects/doom-py/doom_py/CMakeFiles/CheckTypeSize/SIZEOF_LONG.c
Linking C executable cmTC_41e3b
/usr/local/Cellar/cmake/3.5.2/bin/cmake -E cmake_link_script CMakeFiles/cmTC_41e3b.dir/link.txt --verbose=1
/Library/Developer/CommandLineTools/usr/bin/cc     -Wl,-search_paths_first -Wl,-headerpad_max_install_names   CMakeFiles/cmTC_41e3b.dir/SIZEOF_LONG.c.o  -o cmTC_41e3b  


Performing C++ SOURCE FILE Test DUMB_CAN_USE_SSE succeeded with the following output:
Change Dir: /Users/jietang/Projects/doom-py/doom_py/CMakeFiles/CMakeTmp

Run Build Command:"/usr/bin/make" "cmTC_cfadb/fast"
/Library/Developer/CommandLineTools/usr/bin/make -f CMakeFiles/cmTC_cfadb.dir/build.make CMakeFiles/cmTC_cfadb.dir/build
Building CXX object CMakeFiles/cmTC_cfadb.dir/src.cxx.o
/Library/Developer/CommandLineTools/usr/bin/c++     -DDUMB_CAN_USE_SSE   -msse -o CMakeFiles/cmTC_cfadb.dir/src.cxx.o -c /Users/jietang/Projects/doom-py/doom_py/CMakeFiles/CMakeTmp/src.cxx
Linking CXX executable cmTC_cfadb
/usr/local/Cellar/cmake/3.5.2/bin/cmake -E cmake_link_script CMakeFiles/cmTC_cfadb.dir/link.txt --verbose=1
/Library/Developer/CommandLineTools/usr/bin/c++     -DDUMB_CAN_USE_SSE -Wl,-search_paths_first -Wl,-headerpad_max_install_names   CMakeFiles/cmTC_cfadb.dir/src.cxx.o  -o cmTC_cfadb  

Source file was:
int main() { return 0; }
Performing C++ SOURCE FILE Test HAS_VA_COPY succeeded with the following output:
Change Dir: /Users/jietang/Projects/doom-py/doom_py/CMakeFiles/CMakeTmp

Run Build Command:"/usr/bin/make" "cmTC_64d3b/fast"
/Library/Developer/CommandLineTools/usr/bin/make -f CMakeFiles/cmTC_64d3b.dir/build.make CMakeFiles/cmTC_64d3b.dir/build
Building CXX object CMakeFiles/cmTC_64d3b.dir/src.cxx.o
/Library/Developer/CommandLineTools/usr/bin/c++     -Wall -Wextra -Wno-unused -Wno-unused-parameter -Wno-missing-field-initializers -Wno-unused-result   -DHAS_VA_COPY   -o CMakeFiles/cmTC_64d3b.dir/src.cxx.o -c /Users/jietang/Projects/doom-py/doom_py/CMakeFiles/CMakeTmp/src.cxx
Linking CXX executable cmTC_64d3b
/usr/local/Cellar/cmake/3.5.2/bin/cmake -E cmake_link_script CMakeFiles/cmTC_64d3b.dir/link.txt --verbose=1
/Library/Developer/CommandLineTools/usr/bin/c++   -Wall -Wextra -Wno-unused -Wno-unused-parameter -Wno-missing-field-initializers -Wno-unused-result   -DHAS_VA_COPY -Wl,-search_paths_first -Wl,-headerpad_max_install_names   CMakeFiles/cmTC_64d3b.dir/src.cxx.o  -o cmTC_64d3b  

Source file was:
#include <stdarg.h>
	int main() { va_list list1, list2; va_copy(list1, list2); return 0; }
