   20.5    76.3
  120.8    76.4
  153.5    79.5
   66.7    71.0
  337.2    74.6
   32.5    68.9
  351.5    59.9
   39.5    79.5
  137.6    68.2
  121.7    82.0
  150.6    72.7
   90.2    83.8
   20.6    83.4
   22.4    70.7
  353.9    80.7
  313.4    76.6
  286.9    87.5
  102.4    58.2
  216.1    79.2
  330.6    73.3
  267.1    63.3
   35.6    72.6
  354.9    65.3
   65.7    79.9
  182.4    64.1
  190.4    67.0
  340.1    54.3
  305.7    73.4
  105.8    77.9
  255.9    64.7
  351.9    48.8
  242.6    75.8
  112.0    69.2
   25.6    71.6
   15.1    68.5
  280.8    71.0
  317.4    80.2
  111.4    82.9
  196.5    80.9
  295.8    64.3
  213.2    64.3
  321.9    61.3
  240.7    69.4
  126.1    80.9
   54.7    73.8
  222.1    69.2
  185.8    70.8
  114.8    69.6
  123.1    76.7
   62.5    87.0
  104.2    81.5
  342.8    72.3
   86.1    86.9
  153.7    71.5
  143.7    71.9
  269.8    62.3
  133.2    79.7
   76.5    72.0
  289.8    76.0
   83.3    71.9
  336.1    83.8
  344.7    75.3
  174.4    83.3
  323.6    83.7
  333.6    86.0
  139.9    81.1
  218.2    62.7
  125.4    56.9
  312.9    86.7
   58.7    68.3
  306.3    63.2
   13.6    74.1
  299.1    66.7
  348.4    56.3
  281.9    77.6
  291.1    86.6
  140.1    79.4
  119.2    75.3
   74.0    74.9
  334.3    85.1
   25.3    89.0
  156.9    66.5
  147.2    54.5
  132.2    78.8
   48.4    83.1
   87.4    68.4
  110.9    81.3
  150.2    86.8
  240.3    78.3
  218.8    71.5
    6.3    71.0
  212.4    78.1
  278.9    86.4
  135.1    83.2
   20.2    75.9
  227.2    67.4
  269.8    78.2
  247.8    84.3
  274.5    78.6
  270.9    76.8
