\BOOKMARK [0][-]{chapter.1}{Introduction}{}% 1
\BOOKMARK [1][-]{section.1.1}{What cygenja can do}{chapter.1}% 2
\BOOKMARK [1][-]{section.1.2}{How cygenja works}{chapter.1}% 3
\BOOKMARK [1][-]{section.1.3}{Limitations}{chapter.1}% 4
\BOOKMARK [1][-]{section.1.4}{License}{chapter.1}% 5
\BOOKMARK [0][-]{chapter.2}{Installing cygenja}{}% 6
\BOOKMARK [1][-]{section.2.1}{Dependencies}{chapter.2}% 7
\BOOKMARK [1][-]{section.2.2}{Installation}{chapter.2}% 8
\BOOKMARK [0][-]{chapter.3}{Usage}{}% 9
\BOOKMARK [1][-]{section.3.1}{The Generator class}{chapter.3}% 10
\BOOKMARK [1][-]{section.3.2}{Patterns}{chapter.3}% 11
\BOOKMARK [1][-]{section.3.3}{The root directory}{chapter.3}% 12
\BOOKMARK [1][-]{section.3.4}{Filters}{chapter.3}% 13
\BOOKMARK [1][-]{section.3.5}{File extensions}{chapter.3}% 14
\BOOKMARK [1][-]{section.3.6}{Actions}{chapter.3}% 15
\BOOKMARK [1][-]{section.3.7}{File generation}{chapter.3}% 16
\BOOKMARK [0][-]{chapter.4}{Examples}{}% 17
\BOOKMARK [1][-]{section.4.1}{Init}{chapter.4}% 18
\BOOKMARK [1][-]{section.4.2}{File extensions}{chapter.4}% 19
\BOOKMARK [1][-]{section.4.3}{Filters}{chapter.4}% 20
\BOOKMARK [1][-]{section.4.4}{Actions}{chapter.4}% 21
\BOOKMARK [1][-]{section.4.5}{File generation}{chapter.4}% 22
\BOOKMARK [0][-]{section*.3}{Index}{}% 23
