9.062194
11.449759
15.492645
9.484791
6.008361
13.297927
12.916975
9.633370
13.172409
8.119854
13.567653
6.305667
12.259240
9.607385
9.767341
11.795860
8.242678
5.018335
10.283182
6.154258
11.861919
12.824685
9.363742
9.850111
13.957883
7.834205
8.393978
11.411359
11.958501
11.408329
9.249273
7.605217
7.580335
12.279910
16.258218
6.322188
12.042739
7.079634
16.388101
11.073480
7.573691
12.976465
8.765705
13.958909
10.844590
7.208783
7.596019
3.803252
6.232371
7.210779
15.539035
11.861989
5.605454
9.234149
9.759473
8.632447
5.861586
13.855432
9.204530
11.852723
8.245831
11.333872
10.806644
14.283175
4.806120
8.697126
9.274823
10.807356
4.153016
4.606614
7.944219
9.602995
8.011481
9.945855
12.581681
6.741847
7.724363
10.516545
8.506928
9.130674
2.027236
5.227559
7.192458
9.030858
8.807455
8.626671
4.377706
9.751716
10.131319
9.604860
11.123527
12.709244
7.730106
7.463227
9.341695
9.082578
9.402587
10.951502
7.734346
11.763629
12.401793
11.611121
8.823660
7.744669
7.137198
10.691371
11.071359
5.061888
7.334034
13.174365
9.593397
14.845287
7.325601
11.110018
10.301160
7.139487
7.224532
10.761509
7.955659
7.812999
15.180326
11.676682
9.082368
9.049314
11.229158
16.697382
7.417417
5.834511
6.267560
13.048069
5.244437
8.878361
10.856749
6.708765
7.395827
11.856918
14.326336
9.937811
8.828939
11.593250
8.203226
6.517482
12.377581
14.841791
11.494668
10.027583
11.598286
10.729211
10.820431
13.250510
6.619443
11.422029
7.922221
8.636557
9.095842
12.165243
2.989519
10.524902
7.615639
8.599759
7.917339
8.537238
10.400351
7.432723
10.082555
5.865024
9.243216
11.869351
5.397750
11.513631
9.729672
7.008445
9.916426
5.757493
9.682886
11.205160
13.513927
13.561702
8.626391
15.325545
11.324299
8.928727
8.631205
9.953501
15.326221
12.506690
11.416228
13.822930
10.945497
8.612016
17.011030
11.877748
8.667249
8.361523
10.016029
9.341744
14.942529
5.474606
7.684190
12.490729
9.967926
8.409121
11.649730
11.726587
8.136308
13.520671
12.000282
11.900567
7.122051
8.436530
10.864542
8.319094
10.923834
6.400868
7.320218
17.091999
9.016325
6.555687
8.714618
9.458315
6.629900
17.555124
4.843239
11.676455
8.659406
11.679229
15.188379
8.736624
4.157888
11.964142
12.061299
5.548613
7.442221
6.938525
5.009350
7.340764
15.478917
8.547963
10.145031
8.123352
7.409970
11.001750
8.938757
11.727361
8.231254
12.968705
9.198498
7.055937
5.017012
17.256061
10.516567
5.302142
9.800803
9.818426
11.691777
9.722262
9.776477
9.007542
11.246970
10.775451
12.312163
11.607264
8.658275
6.202752
8.056920
2.662697
14.824767
10.398604
12.352098
10.021206
9.103541
12.371596
14.215763
10.748983
7.903692
7.237629
6.882134
12.755910
10.795762
12.122375
4.898220
10.306741
7.970749
8.862825
9.732394
11.967108
5.503829
10.837009
12.357238
7.836194
14.406172
10.486384
14.027176
7.324111
11.763016
7.058620
9.369716
11.938126
9.403248
12.301257
12.378257
12.774783
9.970858
11.206375
8.527626
8.739866
7.997809
12.093530
10.975605
10.876283
12.452313
7.000418
11.602790
14.087259
15.339544
9.221169
11.232572
11.675943
14.604533
10.445047
10.637054
16.286249
16.650614
10.305640
10.304900
15.147700
12.913250
7.723668
16.533884
10.148951
7.873157
7.537712
14.110493
14.072006
12.587547
12.856647
10.439281
11.557138
11.871155
2.555149
14.295280
9.013973
11.596123
10.402906
5.399842
14.848130
6.579759
12.288882
7.738595
5.633926
5.665384
9.395790
12.071908
10.886494
10.585607
13.000922
9.236764
8.273733
8.882650
8.370295
12.708661
13.170405
12.608989
10.355751
11.935935
14.393100
3.543475
7.628676
6.759310
12.657740
11.486788
7.512409
9.585728
8.647228
13.344591
10.361593
12.372236
4.902090
5.930739
11.276192
10.793451
8.037468
12.838423
7.707981
9.440842
3.126579
10.500277
7.616930
8.187230
6.061213
8.994546
11.594063
8.996133
11.035054
7.905835
7.417219
9.284995
13.636999
15.146828
8.334812
13.045330
9.245069
11.223773
9.869689
5.997295
5.908831
13.030621
13.799948
12.934041
10.150622
14.341610
14.006961
11.556739
8.935338
10.467057
10.899992
8.508712
7.836383
14.387872
10.544976
7.633682
7.166466
8.138522
8.719682
10.770116
8.731349
8.159796
11.205075
6.448248
9.354343
10.056572
16.767688
10.535926
9.063320
12.858501
8.744263
12.663113
10.714256
13.922293
6.610696
8.316971
9.861726
8.001422
6.269824
11.251504
8.203005
11.126582
4.373904
8.207027
9.571864
7.955192
10.765401
6.707555
8.575196
14.373817
7.511453
13.895923
13.019142
13.428836
13.714115
8.664249
5.917196
6.569176
12.015284
5.091762
17.397626
9.705141
10.634041
7.882616
6.179631
11.399465
9.167658
11.137250
10.680212
14.166357
12.137366
8.497960
7.061754
7.966523
13.451496
5.678663
8.007770
10.768949
11.638157
6.474189
10.076408
10.173194
17.509837
9.704998
9.696527
9.601568
10.299977
11.948635
11.315680
12.143065
13.142651
13.099151
12.111181
2.631272
9.577781
9.437946
10.641202
10.440931
9.361231
14.624682
5.283763
14.281434
7.323917
6.497306
11.996502
10.483118
10.895042
12.441475
7.286521
4.515066
9.328075
12.359959
7.991138
8.373293
11.108649
9.767911
10.370774
8.786190
10.342942
13.754843
8.066485
10.212265
15.930287
10.724106
10.306891
8.313550
10.975455
9.299500
8.948751
7.569475
14.645512
12.602712
9.098845
11.782096
6.740805
10.254775
6.316523
11.616910
11.976365
14.224434
10.245562
9.545565
11.671902
12.103902
8.356623
10.718049
5.117793
9.483527
5.696640
7.941114
4.959998
12.682282
6.654000
9.714156
10.376816
7.360648
8.523948
8.732575
11.608900
6.954598
8.544360
7.913702
15.211069
8.033781
9.598956
7.712199
12.756148
11.731875
11.705098
12.556834
13.640752
12.148198
11.813852
8.273119
6.253004
5.188144
11.472161
9.851568
6.700885
15.789048
12.781872
7.400068
9.147254
11.699434
7.744105
10.431373
10.500265
14.084137
7.797350
10.440587
13.401683
4.245820
4.685943
10.288603
7.940573
10.408274
5.635050
13.523352
7.910201
12.600477
7.948468
10.614296
10.415639
8.249000
9.565733
11.769647
11.964743
8.666634
12.218287
5.720692
10.886564
8.569604
3.958849
14.153353
11.308284
14.244614
8.524747
5.277139
11.795653
7.467679
7.879667
10.508028
6.460074
7.996300
10.724455
8.426705
8.277290
11.251147
10.842861
10.478888
8.012879
13.107883
12.305056
11.730022
7.284657
7.174341
5.385252
6.872245
7.702504
9.026187
6.775265
13.202962
6.786914
12.965607
7.944390
5.827431
10.165869
10.647066
13.842088
12.864045
9.247267
13.319095
8.579838
9.976683
8.974839
11.463334
11.290382
12.946704
12.402722
11.463030
9.925776
8.342803
9.780677
10.127743
8.369720
8.614093
12.505654
14.226284
9.613851
10.442390
10.446360
8.665861
12.626013
12.633019
9.317909
11.234183
11.061837
3.600595
7.289563
10.728938
15.417495
6.537999
2.128258
13.373519
9.578998
11.082346
11.544664
12.391103
11.750669
7.954454
9.984475
10.835746
13.559579
10.415299
15.642208
12.529142
10.488528
3.807771
10.135897
10.707543
13.125030
15.414898
8.279395
9.213715
6.098389
12.858075
10.372288
10.009824
8.859989
8.398071
15.653544
7.194469
8.015467
5.587021
12.138926
11.150069
6.262548
10.631448
10.137245
11.836566
12.986749
12.682828
11.458920
4.251905
6.501967
6.181076
10.734321
11.130691
12.943652
10.507821
8.024656
8.527770
3.720571
8.246382
9.882423
8.392714
9.261839
8.866019
8.135236
6.679180
7.631131
4.032944
11.540072
8.129457
14.351059
8.921305
10.541424
12.824978
14.617445
15.729837
19.629742
10.203638
9.058364
7.538441
10.197871
12.117366
6.780944
4.520330
7.392779
10.186621
9.342183
8.250383
7.423723
17.517269
10.514932
16.637128
11.029885
7.877556
14.215298
7.138215
10.161247
6.899932
14.295645
12.995531
9.107198
7.569133
11.089743
12.049953
8.492082
7.857838
9.913581
5.879466
11.929628
14.092406
16.888205
7.744309
6.912597
10.230612
10.577428
12.187371
6.860088
9.211459
9.940473
14.384781
11.320734
5.947583
12.688938
9.918458
14.118481
13.574486
7.167488
9.690613
9.469594
10.470531
10.474634
9.682520
13.030707
8.534028
9.017092
15.427021
8.715669
7.370265
12.438028
9.038047
11.492625
10.249175
3.454902
6.740683
11.438779
17.542560
12.265054
9.572934
10.400112
9.345628
11.365988
13.387246
4.324773
11.955106
6.721113
7.905399
10.039318
9.888052
11.140532
12.923985
12.888315
14.698485
8.387707
11.683100
7.954919
11.734555
4.249909
8.996773
11.147868
9.350889
14.271975
9.580833
11.476564
16.429011
7.137157
7.558539
15.226634
14.030033
13.073860
9.615190
10.702670
12.551645
13.036498
3.292474
17.017844
11.147958
4.032620
8.692061
14.995947
6.029267
10.980795
7.965967
15.173997
8.374072
17.438734
15.178838
14.008957
6.964986
3.054886
11.625994
6.269826
12.995711
5.615143
10.883879
10.105619
11.221468
8.707217
12.284900
8.708652
11.831580
14.340257
11.062391
6.296588
14.577563
14.576843
11.064221
12.556715
11.287512
9.489041
13.011372
12.568533
4.638530
11.267231
13.561352
7.924657
14.711915
14.729061
6.450488
5.556280
10.163112
11.646161
7.825779
6.267168
5.786665
3.402538
13.452162
9.251437
6.454638
8.559526
10.869829
9.867409
12.132802
9.853106
5.191414
8.158773
11.885725
8.616977
8.951874
7.352414
10.641056
12.468475
11.789635
12.035954
10.613667
10.745234
10.197239
4.671611
5.311580
11.692122
8.993656
7.827092
7.783668
10.721964
7.108452
9.271417
7.679553
15.797527
18.011934
10.668665
10.019044
15.414710
9.049826
5.328321
7.161899
7.592565
14.962476
8.560146
12.971237
8.510928
10.615585
8.278884
10.485606
9.414437
8.778960
10.667676
12.795849
15.454256
7.488687
8.910331
8.322542
2.472637
6.598200
8.010875
11.209446
10.185783
9.570556
8.895785
14.667957
10.347766
11.173254
6.779860
11.623778
8.951170
10.245772
8.225342
11.799286
13.148713
5.659341
13.409918
5.463191
5.986307
12.160148
7.883442
10.105451
3.641555
12.195639
6.168028
10.200959
12.506588
15.280336
6.802910
