2016-05-13 16:04:29,828 MDAnalysis   INFO     MDAnalysis 0.14.0 STARTED logging to 'MDAnalysis.log'
2016-05-13 16:04:29,828 MDAnalysis.app INFO     Rotamer Convolve MD --- Copyright (c) Philip W Fowler, Oliver Beckstein 2011-2013
2016-05-13 16:04:29,828 MDAnalysis.app INFO     Released under the GNU Public Licence, version 2 (or higher)
2016-05-13 16:04:29,828 MDAnalysis.app INFO     Please cite: LS Stelzl, PW Fowler, MSP Sansom, O Beckstein. J Mol Biol 426 (2014), 735-751, doi:10.1016/j.jmb.2013.10.024
2016-05-13 16:04:29,882 MDAnalysis.core.AtomGroup DEBUG    Universe.load_new(): loading peptso.gro...
2016-05-13 16:04:29,899 MDAnalysis.app INFO     Loading trajectory data as Universe(peptso.gro)
2016-05-13 16:04:29,899 MDAnalysis.app INFO     Using rotamer library 'MTSSL 298K' by Gunnar Jeschke
2016-05-13 16:04:29,899 MDAnalysis.app INFO     Please cite: Polyhach Y, Bordignon E, Jeschke G. Phys Chem Chem Phys. 2011; 13(6):2356-2366. doi: 10.1039/c0cp01865a
2016-05-13 16:04:29,900 MDAnalysis.app DEBUG    [rotamers] ensemble = /Users/oliver/.virtualenvs/mdanalysis/rotcon/lib/python2.7/site-packages/rotcon/data/rotamer1_R1A_298K.dcd with topology = /Users/oliver/.virtualenvs/mdanalysis/rotcon/lib/python2.7/site-packages/rotcon/data/rotamer1_R1A_298K.pdb
2016-05-13 16:04:29,900 MDAnalysis.app DEBUG    [rotamers] populations = /Users/oliver/.virtualenvs/mdanalysis/rotcon/lib/python2.7/site-packages/rotcon/data/R1A_298K_populations.dat
2016-05-13 16:04:29,901 MDAnalysis.core.AtomGroup DEBUG    Universe.load_new(): loading /Users/oliver/.virtualenvs/mdanalysis/rotcon/lib/python2.7/site-packages/rotcon/data/rotamer1_R1A_298K.dcd...
2016-05-13 16:04:29,902 MDAnalysis.app INFO     Starting rotamer distance analysis of trajectory peptso.gro...
2016-05-13 16:04:29,902 MDAnalysis.app INFO     clashDistance = 2.2 A; rotamer library = 'MTSSL 298K'
2016-05-13 16:04:29,902 MDAnalysis.app DEBUG    Temporary trajectories for rotamers 1 and 2 (only last frame of MD trajectory): dcd/peptso-xrd-47-330-1.dcd and dcd/peptso-xrd-47-330-2.dcd
2016-05-13 16:04:29,902 MDAnalysis.app DEBUG    Results will be written to dat/peptso-xrd-47-330.dat.
2016-05-13 16:04:29,995 MDAnalysis.core.AtomGroup DEBUG    Universe.load_new(): loading dcd/peptso-xrd-47-330-1.dcd...
2016-05-13 16:04:30,162 MDAnalysis.core.AtomGroup DEBUG    Universe.load_new(): loading dcd/peptso-xrd-47-330-2.dcd...
2016-05-13 16:04:30,469 MDAnalysis.app INFO     Distance distribution for residues 47 - 330 was written to dat/peptso-xrd-47-330.dat
2016-05-13 16:04:30,470 MDAnalysis.app INFO     DONE with analysis, elapsed time      0 s
2016-05-13 16:05:31,023 MDAnalysis   INFO     MDAnalysis 0.14.0 STARTED logging to 'MDAnalysis.log'
2016-05-13 16:05:31,023 MDAnalysis.app INFO     Rotamer Convolve MD --- Copyright (c) Philip W Fowler, Oliver Beckstein 2011-2013
2016-05-13 16:05:31,023 MDAnalysis.app INFO     Released under the GNU Public Licence, version 2 (or higher)
2016-05-13 16:05:31,023 MDAnalysis.app INFO     Please cite: LS Stelzl, PW Fowler, MSP Sansom, O Beckstein. J Mol Biol 426 (2014), 735-751, doi:10.1016/j.jmb.2013.10.024
2016-05-13 16:05:31,074 MDAnalysis.core.AtomGroup DEBUG    Universe.load_new(): loading peptso.gro...
2016-05-13 16:05:31,092 MDAnalysis.app INFO     Loading trajectory data as Universe(peptso.gro)
2016-05-13 16:05:31,092 MDAnalysis.app INFO     Using rotamer library 'MTSSL 298K' by Gunnar Jeschke
2016-05-13 16:05:31,092 MDAnalysis.app INFO     Please cite: Polyhach Y, Bordignon E, Jeschke G. Phys Chem Chem Phys. 2011; 13(6):2356-2366. doi: 10.1039/c0cp01865a
2016-05-13 16:05:31,093 MDAnalysis.app DEBUG    [rotamers] ensemble = /Users/oliver/.virtualenvs/mdanalysis/rotcon/lib/python2.7/site-packages/rotcon/data/rotamer1_R1A_298K.dcd with topology = /Users/oliver/.virtualenvs/mdanalysis/rotcon/lib/python2.7/site-packages/rotcon/data/rotamer1_R1A_298K.pdb
2016-05-13 16:05:31,093 MDAnalysis.app DEBUG    [rotamers] populations = /Users/oliver/.virtualenvs/mdanalysis/rotcon/lib/python2.7/site-packages/rotcon/data/R1A_298K_populations.dat
2016-05-13 16:05:31,094 MDAnalysis.core.AtomGroup DEBUG    Universe.load_new(): loading /Users/oliver/.virtualenvs/mdanalysis/rotcon/lib/python2.7/site-packages/rotcon/data/rotamer1_R1A_298K.dcd...
2016-05-13 16:05:31,095 MDAnalysis.app INFO     Starting rotamer distance analysis of trajectory peptso.gro...
2016-05-13 16:05:31,095 MDAnalysis.app INFO     clashDistance = 2.2 A; rotamer library = 'MTSSL 298K'
2016-05-13 16:05:31,095 MDAnalysis.app DEBUG    Temporary trajectories for rotamers 1 and 2 (only last frame of MD trajectory): dcd/peptso-xrd-47-330-1.dcd and dcd/peptso-xrd-47-330-2.dcd
2016-05-13 16:05:31,095 MDAnalysis.app DEBUG    Results will be written to dat/peptso-xrd-47-330.dat.
2016-05-13 16:05:31,183 MDAnalysis.core.AtomGroup DEBUG    Universe.load_new(): loading dcd/peptso-xrd-47-330-1.dcd...
2016-05-13 16:05:31,358 MDAnalysis.core.AtomGroup DEBUG    Universe.load_new(): loading dcd/peptso-xrd-47-330-2.dcd...
2016-05-13 16:05:31,654 MDAnalysis.app INFO     Distance distribution for residues 47 - 330 was written to dat/peptso-xrd-47-330.dat
2016-05-13 16:05:31,654 MDAnalysis.app INFO     DONE with analysis, elapsed time      0 s
2016-05-13 16:07:00,952 MDAnalysis   INFO     MDAnalysis 0.14.0 STARTED logging to 'MDAnalysis.log'
2016-05-13 16:07:00,952 MDAnalysis.app INFO     Rotamer Convolve MD --- Copyright (c) Philip W Fowler, Oliver Beckstein 2011-2013
2016-05-13 16:07:00,952 MDAnalysis.app INFO     Released under the GNU Public Licence, version 2 (or higher)
2016-05-13 16:07:00,952 MDAnalysis.app INFO     Please cite: LS Stelzl, PW Fowler, MSP Sansom, O Beckstein. J Mol Biol 426 (2014), 735-751, doi:10.1016/j.jmb.2013.10.024
2016-05-13 16:07:01,003 MDAnalysis.core.AtomGroup DEBUG    Universe.load_new(): loading peptso.gro...
2016-05-13 16:07:01,017 MDAnalysis.app INFO     Loading trajectory data as Universe(peptso.gro)
2016-05-13 16:07:01,017 MDAnalysis.app INFO     Using rotamer library 'MTSSL 298K' by Gunnar Jeschke
2016-05-13 16:07:01,017 MDAnalysis.app INFO     Please cite: Polyhach Y, Bordignon E, Jeschke G. Phys Chem Chem Phys. 2011; 13(6):2356-2366. doi: 10.1039/c0cp01865a
2016-05-13 16:07:01,017 MDAnalysis.app DEBUG    [rotamers] ensemble = /Users/oliver/.virtualenvs/mdanalysis/rotcon/lib/python2.7/site-packages/rotcon/data/rotamer1_R1A_298K.dcd with topology = /Users/oliver/.virtualenvs/mdanalysis/rotcon/lib/python2.7/site-packages/rotcon/data/rotamer1_R1A_298K.pdb
2016-05-13 16:07:01,017 MDAnalysis.app DEBUG    [rotamers] populations = /Users/oliver/.virtualenvs/mdanalysis/rotcon/lib/python2.7/site-packages/rotcon/data/R1A_298K_populations.dat
2016-05-13 16:07:01,018 MDAnalysis.core.AtomGroup DEBUG    Universe.load_new(): loading /Users/oliver/.virtualenvs/mdanalysis/rotcon/lib/python2.7/site-packages/rotcon/data/rotamer1_R1A_298K.dcd...
2016-05-13 16:07:01,019 MDAnalysis.app INFO     Starting rotamer distance analysis of trajectory peptso.gro...
2016-05-13 16:07:01,019 MDAnalysis.app INFO     clashDistance = 2.2 A; rotamer library = 'MTSSL 298K'
2016-05-13 16:07:01,019 MDAnalysis.app DEBUG    Temporary trajectories for rotamers 1 and 2 (only last frame of MD trajectory): dcd/peptso-xrd-47-330-1.dcd and dcd/peptso-xrd-47-330-2.dcd
2016-05-13 16:07:01,020 MDAnalysis.app DEBUG    Results will be written to dat/peptso-xrd-47-330.dat.
2016-05-13 16:07:01,094 MDAnalysis.core.AtomGroup DEBUG    Universe.load_new(): loading dcd/peptso-xrd-47-330-1.dcd...
2016-05-13 16:07:01,272 MDAnalysis.core.AtomGroup DEBUG    Universe.load_new(): loading dcd/peptso-xrd-47-330-2.dcd...
2016-05-13 16:07:01,571 MDAnalysis.app INFO     Distance distribution for residues 47 - 330 was written to dat/peptso-xrd-47-330.dat
2016-05-13 16:07:01,571 MDAnalysis.app INFO     DONE with analysis, elapsed time      0 s
2016-05-13 16:21:01,196 MDAnalysis   INFO     MDAnalysis 0.14.0 STARTED logging to 'MDAnalysis.log'
2016-05-13 16:21:01,196 MDAnalysis.app INFO     Rotamer Convolve MD --- Copyright (c) Philip W Fowler, Oliver Beckstein 2011-2013
2016-05-13 16:21:01,196 MDAnalysis.app INFO     Released under the GNU Public Licence, version 2 (or higher)
2016-05-13 16:21:01,197 MDAnalysis.app INFO     Please cite: LS Stelzl, PW Fowler, MSP Sansom, O Beckstein. J Mol Biol 426 (2014), 735-751, doi:10.1016/j.jmb.2013.10.024
2016-05-13 16:21:01,248 MDAnalysis.core.AtomGroup DEBUG    Universe.load_new(): loading peptso.gro...
2016-05-13 16:21:01,267 MDAnalysis.app INFO     Loading trajectory data as Universe(peptso.gro)
2016-05-13 16:21:01,268 MDAnalysis.app INFO     Using rotamer library 'MTSSL 298K' by Gunnar Jeschke
2016-05-13 16:21:01,268 MDAnalysis.app INFO     Please cite: Polyhach Y, Bordignon E, Jeschke G. Phys Chem Chem Phys. 2011; 13(6):2356-2366. doi: 10.1039/c0cp01865a
2016-05-13 16:21:01,269 MDAnalysis.app DEBUG    [rotamers] ensemble = /Users/oliver/.virtualenvs/mdanalysis/rotcon/lib/python2.7/site-packages/rotcon/data/rotamer1_R1A_298K.dcd with topology = /Users/oliver/.virtualenvs/mdanalysis/rotcon/lib/python2.7/site-packages/rotcon/data/rotamer1_R1A_298K.pdb
2016-05-13 16:21:01,269 MDAnalysis.app DEBUG    [rotamers] populations = /Users/oliver/.virtualenvs/mdanalysis/rotcon/lib/python2.7/site-packages/rotcon/data/R1A_298K_populations.dat
2016-05-13 16:21:01,270 MDAnalysis.core.AtomGroup DEBUG    Universe.load_new(): loading /Users/oliver/.virtualenvs/mdanalysis/rotcon/lib/python2.7/site-packages/rotcon/data/rotamer1_R1A_298K.dcd...
2016-05-13 16:21:01,271 MDAnalysis.app INFO     Starting rotamer distance analysis of trajectory peptso.gro...
2016-05-13 16:21:01,271 MDAnalysis.app INFO     clashDistance = 2.2 A; rotamer library = 'MTSSL 298K'
2016-05-13 16:21:01,271 MDAnalysis.app DEBUG    Temporary trajectories for rotamers 1 and 2 (only last frame of MD trajectory): dcd/peptso-xrd-47-330-1.dcd and dcd/peptso-xrd-47-330-2.dcd
2016-05-13 16:21:01,271 MDAnalysis.app DEBUG    Results will be written to dat/peptso-xrd-47-330.dat.
2016-05-13 16:21:01,358 MDAnalysis.core.AtomGroup DEBUG    Universe.load_new(): loading dcd/peptso-xrd-47-330-1.dcd...
2016-05-13 16:21:01,518 MDAnalysis.core.AtomGroup DEBUG    Universe.load_new(): loading dcd/peptso-xrd-47-330-2.dcd...
2016-05-13 16:21:01,796 MDAnalysis.app INFO     Distance distribution for residues 47 - 330 was written to dat/peptso-xrd-47-330.dat
2016-05-13 16:21:01,797 MDAnalysis.app INFO     DONE with analysis, elapsed time      0 s
2016-05-13 16:21:02,204 MDAnalysis.app INFO     Plotted distance distribution to dat/peptso-xrd-47-330.pdf
2016-05-13 16:21:02,204 MDAnalysis   INFO     MDAnalysis STOPPED logging
2016-05-20 11:55:30,746 MDAnalysis   INFO     MDAnalysis 0.15.0 STARTED logging to 'MDAnalysis.log'
2016-05-20 11:55:30,746 MDAnalysis.app INFO     Rotamer Convolve MD --- Copyright (c) Philip W Fowler, Oliver Beckstein 2011-2013
2016-05-20 11:55:30,746 MDAnalysis.app INFO     Released under the GNU Public Licence, version 2 (or higher)
2016-05-20 11:55:30,746 MDAnalysis.app INFO     Please cite: LS Stelzl, PW Fowler, MSP Sansom, O Beckstein. J Mol Biol 426 (2014), 735-751, doi:10.1016/j.jmb.2013.10.024
2016-05-20 11:55:30,795 MDAnalysis.core.AtomGroup DEBUG    Universe.load_new(): loading peptso.gro...
2016-05-20 11:55:30,842 MDAnalysis.app INFO     Loading trajectory data as Universe(peptso.gro)
2016-05-20 11:55:30,842 MDAnalysis.app INFO     Using rotamer library 'MTSSL 298K' by Gunnar Jeschke
2016-05-20 11:55:30,842 MDAnalysis.app INFO     Please cite: Polyhach Y, Bordignon E, Jeschke G. Phys Chem Chem Phys. 2011; 13(6):2356-2366. doi: 10.1039/c0cp01865a
2016-05-20 11:55:30,842 MDAnalysis.app DEBUG    [rotamers] ensemble = /Users/oliver/.virtualenvs/mdanalysis/rotcon/lib/python2.7/site-packages/rotcon/data/rotamer1_R1A_298K.dcd with topology = /Users/oliver/.virtualenvs/mdanalysis/rotcon/lib/python2.7/site-packages/rotcon/data/rotamer1_R1A_298K.pdb
2016-05-20 11:55:30,842 MDAnalysis.app DEBUG    [rotamers] populations = /Users/oliver/.virtualenvs/mdanalysis/rotcon/lib/python2.7/site-packages/rotcon/data/R1A_298K_populations.dat
2016-05-20 11:55:30,843 MDAnalysis.core.AtomGroup DEBUG    Universe.load_new(): loading /Users/oliver/.virtualenvs/mdanalysis/rotcon/lib/python2.7/site-packages/rotcon/data/rotamer1_R1A_298K.dcd...
2016-05-20 11:55:30,845 MDAnalysis.app INFO     Starting rotamer distance analysis of trajectory peptso.gro...
2016-05-20 11:55:30,845 MDAnalysis.app INFO     clashDistance = 2.2 A; rotamer library = 'MTSSL 298K'
2016-05-20 11:55:30,845 MDAnalysis.app DEBUG    Temporary trajectories for rotamers 1 and 2 (only last frame of MD trajectory): dcd/peptso-xrd-47-330-1.dcd and dcd/peptso-xrd-47-330-2.dcd
2016-05-20 11:55:30,845 MDAnalysis.app DEBUG    Results will be written to dat/peptso-xrd-47-330.dat.
2016-05-20 11:55:30,940 MDAnalysis.core.AtomGroup DEBUG    Universe.load_new(): loading dcd/peptso-xrd-47-330-1.dcd...
2016-05-20 11:55:31,115 MDAnalysis.core.AtomGroup DEBUG    Universe.load_new(): loading dcd/peptso-xrd-47-330-2.dcd...
2016-05-20 11:55:31,395 MDAnalysis.app INFO     Distance distribution for residues 47 - 330 was written to dat/peptso-xrd-47-330.dat
2016-05-20 11:55:31,395 MDAnalysis.app INFO     DONE with analysis, elapsed time      0 s
2016-05-20 11:56:20,085 MDAnalysis   INFO     MDAnalysis 0.15.0 STARTED logging to 'MDAnalysis.log'
2016-05-20 11:56:20,085 MDAnalysis.app INFO     Rotamer Convolve MD --- Copyright (c) Philip W Fowler, Oliver Beckstein 2011-2013
2016-05-20 11:56:20,085 MDAnalysis.app INFO     Released under the GNU Public Licence, version 2 (or higher)
2016-05-20 11:56:20,085 MDAnalysis.app INFO     Please cite: LS Stelzl, PW Fowler, MSP Sansom, O Beckstein. J Mol Biol 426 (2014), 735-751, doi:10.1016/j.jmb.2013.10.024
2016-05-20 11:56:20,137 MDAnalysis.core.AtomGroup DEBUG    Universe.load_new(): loading peptso.gro...
2016-05-20 11:56:20,179 MDAnalysis.app INFO     Loading trajectory data as Universe(peptso.gro)
2016-05-20 11:56:20,179 MDAnalysis.app INFO     Using rotamer library 'MTSSL 298K' by Gunnar Jeschke
2016-05-20 11:56:20,179 MDAnalysis.app INFO     Please cite: Polyhach Y, Bordignon E, Jeschke G. Phys Chem Chem Phys. 2011; 13(6):2356-2366. doi: 10.1039/c0cp01865a
2016-05-20 11:56:20,179 MDAnalysis.app DEBUG    [rotamers] ensemble = /Users/oliver/.virtualenvs/mdanalysis/rotcon/lib/python2.7/site-packages/rotcon/data/rotamer1_R1A_298K.dcd with topology = /Users/oliver/.virtualenvs/mdanalysis/rotcon/lib/python2.7/site-packages/rotcon/data/rotamer1_R1A_298K.pdb
2016-05-20 11:56:20,180 MDAnalysis.app DEBUG    [rotamers] populations = /Users/oliver/.virtualenvs/mdanalysis/rotcon/lib/python2.7/site-packages/rotcon/data/R1A_298K_populations.dat
2016-05-20 11:56:20,180 MDAnalysis.core.AtomGroup DEBUG    Universe.load_new(): loading /Users/oliver/.virtualenvs/mdanalysis/rotcon/lib/python2.7/site-packages/rotcon/data/rotamer1_R1A_298K.dcd...
2016-05-20 11:56:20,181 MDAnalysis.app INFO     Starting rotamer distance analysis of trajectory peptso.gro...
2016-05-20 11:56:20,182 MDAnalysis.app INFO     clashDistance = 2.2 A; rotamer library = 'MTSSL 298K'
2016-05-20 11:56:20,182 MDAnalysis.app DEBUG    Temporary trajectories for rotamers 1 and 2 (only last frame of MD trajectory): dcd/peptso-xrd-47-330-1.dcd and dcd/peptso-xrd-47-330-2.dcd
2016-05-20 11:56:20,182 MDAnalysis.app DEBUG    Results will be written to dat/peptso-xrd-47-330.dat.
2016-05-20 11:56:20,273 MDAnalysis.core.AtomGroup DEBUG    Universe.load_new(): loading dcd/peptso-xrd-47-330-1.dcd...
2016-05-20 11:56:20,451 MDAnalysis.core.AtomGroup DEBUG    Universe.load_new(): loading dcd/peptso-xrd-47-330-2.dcd...
2016-05-20 11:56:20,746 MDAnalysis.app INFO     Distance distribution for residues 47 - 330 was written to dat/peptso-xrd-47-330.dat
2016-05-20 11:56:20,746 MDAnalysis.app INFO     DONE with analysis, elapsed time      0 s
2016-05-20 11:56:22,421 MDAnalysis.app INFO     Plotted distance distribution to dat/peptso-xrd-47-330.pdf
2016-05-20 11:56:22,421 MDAnalysis   INFO     MDAnalysis STOPPED logging
2016-05-20 15:00:28,186 MDAnalysis   INFO     MDAnalysis 0.15.0 STARTED logging to 'MDAnalysis.log'
2016-05-20 15:00:28,186 MDAnalysis.app INFO     Rotamer Convolve MD --- Copyright (c) Philip W Fowler, Oliver Beckstein 2011-2013
2016-05-20 15:00:28,186 MDAnalysis.app INFO     Release 1.2.0.dev
2016-05-20 15:00:28,186 MDAnalysis.app INFO     Released under the GNU Public Licence, version 2 (or higher)
2016-05-20 15:00:28,187 MDAnalysis.app INFO     Please cite: LS Stelzl, PW Fowler, MSP Sansom, O Beckstein. J Mol Biol 426 (2014), 735-751, doi:10.1016/j.jmb.2013.10.024
2016-05-20 15:00:28,241 MDAnalysis.core.AtomGroup DEBUG    Universe.load_new(): loading peptso.gro...
2016-05-20 15:00:28,281 MDAnalysis.app INFO     Loading trajectory data as Universe(peptso.gro)
2016-05-20 15:00:28,281 MDAnalysis.app INFO     Using rotamer library 'MTSSL 298K' by Gunnar Jeschke
2016-05-20 15:00:28,281 MDAnalysis.app INFO     Please cite: Polyhach Y, Bordignon E, Jeschke G. Phys Chem Chem Phys. 2011; 13(6):2356-2366. doi: 10.1039/c0cp01865a
2016-05-20 15:00:28,282 MDAnalysis.app DEBUG    [rotamers] ensemble = /Users/oliver/.virtualenvs/mdanalysis/rotcon/lib/python2.7/site-packages/rotcon/data/rotamer1_R1A_298K.dcd with topology = /Users/oliver/.virtualenvs/mdanalysis/rotcon/lib/python2.7/site-packages/rotcon/data/rotamer1_R1A_298K.pdb
2016-05-20 15:00:28,282 MDAnalysis.app DEBUG    [rotamers] populations = /Users/oliver/.virtualenvs/mdanalysis/rotcon/lib/python2.7/site-packages/rotcon/data/R1A_298K_populations.dat
2016-05-20 15:00:28,283 MDAnalysis.core.AtomGroup DEBUG    Universe.load_new(): loading /Users/oliver/.virtualenvs/mdanalysis/rotcon/lib/python2.7/site-packages/rotcon/data/rotamer1_R1A_298K.dcd...
2016-05-20 15:00:28,284 MDAnalysis.app INFO     Starting rotamer distance analysis of trajectory peptso.gro...
2016-05-20 15:00:28,284 MDAnalysis.app INFO     clashDistance = 2.2 A; rotamer library = 'MTSSL 298K'
2016-05-20 15:00:28,284 MDAnalysis.app DEBUG    Temporary trajectories for rotamers 1 and 2 (only last frame of MD trajectory): dcd/peptso-xrd-47-330-1.dcd and dcd/peptso-xrd-47-330-2.dcd
2016-05-20 15:00:28,284 MDAnalysis.app DEBUG    Results will be written to dat/peptso-xrd-47-330.dat.
2016-05-20 15:00:28,376 MDAnalysis.core.AtomGroup DEBUG    Universe.load_new(): loading dcd/peptso-xrd-47-330-1.dcd...
2016-05-20 15:00:28,550 MDAnalysis.core.AtomGroup DEBUG    Universe.load_new(): loading dcd/peptso-xrd-47-330-2.dcd...
2016-05-20 15:00:28,829 MDAnalysis.app INFO     Distance distribution for residues 47 - 330 was written to dat/peptso-xrd-47-330.dat
2016-05-20 15:00:28,830 MDAnalysis.app INFO     DONE with analysis, elapsed time      0 s
2016-05-20 15:00:30,821 MDAnalysis.app INFO     Plotted distance distribution to dat/peptso-xrd-47-330.pdf
2016-05-20 15:00:30,821 MDAnalysis   INFO     MDAnalysis STOPPED logging
2016-05-20 15:01:30,701 MDAnalysis   INFO     MDAnalysis 0.15.0 STARTED logging to 'MDAnalysis.log'
2016-05-20 15:01:30,701 MDAnalysis.app INFO     Rotamer Convolve MD --- Copyright (c) Philip W Fowler, Oliver Beckstein 2011-2013
2016-05-20 15:01:30,701 MDAnalysis.app INFO     Release 1.2.0.dev
2016-05-20 15:01:30,701 MDAnalysis.app INFO     Released under the GNU Public Licence, version 2 (or higher)
2016-05-20 15:01:30,701 MDAnalysis.app INFO     Please cite: LS Stelzl, PW Fowler, MSP Sansom, O Beckstein. J Mol Biol 426 (2014), 735-751, doi:10.1016/j.jmb.2013.10.024
2016-05-20 15:01:30,753 MDAnalysis.core.AtomGroup DEBUG    Universe.load_new(): loading peptso.gro...
2016-05-20 15:01:30,794 MDAnalysis.app INFO     Loading trajectory data as Universe(peptso.gro)
2016-05-20 15:01:30,794 MDAnalysis.app INFO     Using rotamer library 'MTSSL 298K' by Gunnar Jeschke
2016-05-20 15:01:30,794 MDAnalysis.app INFO     Please cite: Polyhach Y, Bordignon E, Jeschke G. Phys Chem Chem Phys. 2011; 13(6):2356-2366. doi: 10.1039/c0cp01865a
2016-05-20 15:01:30,794 MDAnalysis.app DEBUG    [rotamers] ensemble = /Users/oliver/.virtualenvs/mdanalysis/rotcon/lib/python2.7/site-packages/rotcon/data/rotamer1_R1A_298K.dcd with topology = /Users/oliver/.virtualenvs/mdanalysis/rotcon/lib/python2.7/site-packages/rotcon/data/rotamer1_R1A_298K.pdb
2016-05-20 15:01:30,794 MDAnalysis.app DEBUG    [rotamers] populations = /Users/oliver/.virtualenvs/mdanalysis/rotcon/lib/python2.7/site-packages/rotcon/data/R1A_298K_populations.dat
2016-05-20 15:01:30,795 MDAnalysis.core.AtomGroup DEBUG    Universe.load_new(): loading /Users/oliver/.virtualenvs/mdanalysis/rotcon/lib/python2.7/site-packages/rotcon/data/rotamer1_R1A_298K.dcd...
2016-05-20 15:01:30,797 MDAnalysis.app INFO     Starting rotamer distance analysis of trajectory peptso.gro...
2016-05-20 15:01:30,797 MDAnalysis.app INFO     clashDistance = 2.2 A; rotamer library = 'MTSSL 298K'
2016-05-20 15:01:30,797 MDAnalysis.app DEBUG    Temporary trajectories for rotamers 1 and 2 (only last frame of MD trajectory): dcd/peptso-xrd-47-330-1.dcd and dcd/peptso-xrd-47-330-2.dcd
2016-05-20 15:01:30,797 MDAnalysis.app DEBUG    Results will be written to dat/peptso-xrd-47-330.dat.
2016-05-20 15:01:30,888 MDAnalysis.core.AtomGroup DEBUG    Universe.load_new(): loading dcd/peptso-xrd-47-330-1.dcd...
2016-05-20 15:01:31,060 MDAnalysis.core.AtomGroup DEBUG    Universe.load_new(): loading dcd/peptso-xrd-47-330-2.dcd...
2016-05-20 15:01:31,348 MDAnalysis.app INFO     Distance distribution for residues 47 - 330 was written to dat/peptso-xrd-47-330.dat
2016-05-20 15:01:31,348 MDAnalysis.app INFO     DONE with analysis, elapsed time      0 s
2016-05-20 15:01:32,956 MDAnalysis.app INFO     Plotted distance distribution to dat/peptso-xrd-47-330.pdf
2016-05-20 15:01:32,956 MDAnalysis   INFO     MDAnalysis STOPPED logging
2016-05-20 15:01:44,140 MDAnalysis   INFO     MDAnalysis 0.15.0 STARTED logging to 'MDAnalysis.log'
2016-05-20 15:01:44,141 MDAnalysis.app INFO     Rotamer Convolve MD, release 1.2.0.dev --- Copyright (c) Philip W Fowler, Oliver Beckstein 2011-2013
2016-05-20 15:01:44,141 MDAnalysis.app INFO     Released under the GNU Public Licence, version 2 (or higher)
2016-05-20 15:01:44,141 MDAnalysis.app INFO     Please cite: LS Stelzl, PW Fowler, MSP Sansom, O Beckstein. J Mol Biol 426 (2014), 735-751, doi:10.1016/j.jmb.2013.10.024
2016-05-20 15:01:44,193 MDAnalysis.core.AtomGroup DEBUG    Universe.load_new(): loading peptso.gro...
2016-05-20 15:01:44,234 MDAnalysis.app INFO     Loading trajectory data as Universe(peptso.gro)
2016-05-20 15:01:44,234 MDAnalysis.app INFO     Using rotamer library 'MTSSL 298K' by Gunnar Jeschke
2016-05-20 15:01:44,234 MDAnalysis.app INFO     Please cite: Polyhach Y, Bordignon E, Jeschke G. Phys Chem Chem Phys. 2011; 13(6):2356-2366. doi: 10.1039/c0cp01865a
2016-05-20 15:01:44,234 MDAnalysis.app DEBUG    [rotamers] ensemble = /Users/oliver/.virtualenvs/mdanalysis/rotcon/lib/python2.7/site-packages/rotcon/data/rotamer1_R1A_298K.dcd with topology = /Users/oliver/.virtualenvs/mdanalysis/rotcon/lib/python2.7/site-packages/rotcon/data/rotamer1_R1A_298K.pdb
2016-05-20 15:01:44,234 MDAnalysis.app DEBUG    [rotamers] populations = /Users/oliver/.virtualenvs/mdanalysis/rotcon/lib/python2.7/site-packages/rotcon/data/R1A_298K_populations.dat
2016-05-20 15:01:44,235 MDAnalysis.core.AtomGroup DEBUG    Universe.load_new(): loading /Users/oliver/.virtualenvs/mdanalysis/rotcon/lib/python2.7/site-packages/rotcon/data/rotamer1_R1A_298K.dcd...
2016-05-20 15:01:44,236 MDAnalysis.app INFO     Starting rotamer distance analysis of trajectory peptso.gro...
2016-05-20 15:01:44,236 MDAnalysis.app INFO     clashDistance = 2.2 A; rotamer library = 'MTSSL 298K'
2016-05-20 15:01:44,236 MDAnalysis.app DEBUG    Temporary trajectories for rotamers 1 and 2 (only last frame of MD trajectory): dcd/peptso-xrd-47-330-1.dcd and dcd/peptso-xrd-47-330-2.dcd
2016-05-20 15:01:44,236 MDAnalysis.app DEBUG    Results will be written to dat/peptso-xrd-47-330.dat.
2016-05-20 15:01:44,320 MDAnalysis.core.AtomGroup DEBUG    Universe.load_new(): loading dcd/peptso-xrd-47-330-1.dcd...
2016-05-20 15:01:44,494 MDAnalysis.core.AtomGroup DEBUG    Universe.load_new(): loading dcd/peptso-xrd-47-330-2.dcd...
2016-05-20 15:01:44,789 MDAnalysis.app INFO     Distance distribution for residues 47 - 330 was written to dat/peptso-xrd-47-330.dat
2016-05-20 15:01:44,789 MDAnalysis.app INFO     DONE with analysis, elapsed time      0 s
2016-05-20 15:01:46,430 MDAnalysis.app INFO     Plotted distance distribution to dat/peptso-xrd-47-330.pdf
2016-05-20 15:01:46,430 MDAnalysis   INFO     MDAnalysis STOPPED logging
2016-05-24 11:24:42,000 MDAnalysis   INFO     MDAnalysis 0.15.0 STARTED logging to 'MDAnalysis.log'
2016-05-24 11:24:42,000 MDAnalysis.app INFO     Rotamer Convolve MD, release 1.2.0 --- Copyright (c) Philip W Fowler, Oliver Beckstein 2011-2013 and see AUTHORS
2016-05-24 11:24:42,000 MDAnalysis.app INFO     Released under the GNU Public Licence, version 2 (or higher)
2016-05-24 11:24:42,000 MDAnalysis.app INFO     Please cite: LS Stelzl, PW Fowler, MSP Sansom, O Beckstein. J Mol Biol 426 (2014), 735-751, doi:10.1016/j.jmb.2013.10.024
2016-05-24 11:24:42,051 MDAnalysis.core.AtomGroup DEBUG    Universe.load_new(): loading peptso.gro...
2016-05-24 11:24:42,089 MDAnalysis.app INFO     Loading trajectory data as Universe(peptso.gro)
2016-05-24 11:24:42,089 MDAnalysis.app INFO     Using rotamer library 'MTSSL 298K' by Gunnar Jeschke
2016-05-24 11:24:42,089 MDAnalysis.app INFO     Please cite: Polyhach Y, Bordignon E, Jeschke G. Phys Chem Chem Phys. 2011; 13(6):2356-2366. doi: 10.1039/c0cp01865a
2016-05-24 11:24:42,089 MDAnalysis.app DEBUG    [rotamers] ensemble = /Users/oliver/.virtualenvs/mdanalysis/rotcon/lib/python2.7/site-packages/rotcon/data/rotamer1_R1A_298K.dcd with topology = /Users/oliver/.virtualenvs/mdanalysis/rotcon/lib/python2.7/site-packages/rotcon/data/rotamer1_R1A_298K.pdb
2016-05-24 11:24:42,089 MDAnalysis.app DEBUG    [rotamers] populations = /Users/oliver/.virtualenvs/mdanalysis/rotcon/lib/python2.7/site-packages/rotcon/data/R1A_298K_populations.dat
2016-05-24 11:24:42,090 MDAnalysis.core.AtomGroup DEBUG    Universe.load_new(): loading /Users/oliver/.virtualenvs/mdanalysis/rotcon/lib/python2.7/site-packages/rotcon/data/rotamer1_R1A_298K.dcd...
2016-05-24 11:24:42,091 MDAnalysis.app INFO     Starting rotamer distance analysis of trajectory peptso.gro...
2016-05-24 11:24:42,092 MDAnalysis.app INFO     clashDistance = 2.2 A; rotamer library = 'MTSSL 298K'
2016-05-24 11:24:42,092 MDAnalysis.app DEBUG    Temporary trajectories for rotamers 1 and 2 (only last frame of MD trajectory): dcd/peptso-xrd-47-330-1.dcd and dcd/peptso-xrd-47-330-2.dcd
2016-05-24 11:24:42,092 MDAnalysis.app DEBUG    Results will be written to dat/peptso-xrd-47-330.dat.
2016-05-24 11:24:42,176 MDAnalysis.core.AtomGroup DEBUG    Universe.load_new(): loading dcd/peptso-xrd-47-330-1.dcd...
2016-05-24 11:24:42,352 MDAnalysis.core.AtomGroup DEBUG    Universe.load_new(): loading dcd/peptso-xrd-47-330-2.dcd...
2016-05-24 11:24:43,014 MDAnalysis.app INFO     Distance distribution for residues 47 - 330 was written to dat/peptso-xrd-47-330.dat
2016-05-24 11:24:43,016 MDAnalysis.app INFO     DONE with analysis, elapsed time      0 s
2016-05-24 11:24:45,789 MDAnalysis.app INFO     Plotted distance distribution to dat/peptso-xrd.pdf
2016-05-24 11:24:45,789 MDAnalysis   INFO     MDAnalysis STOPPED logging
